{"numTotalTestSuites":226,"numPassedTestSuites":183,"numFailedTestSuites":43,"numPendingTestSuites":0,"numTotalTests":529,"numPassedTests":465,"numFailedTests":54,"numPendingTests":10,"numTodoTests":0,"snapshot":{"added":0,"failure":false,"filesAdded":0,"filesRemoved":0,"filesRemovedList":[],"filesUnmatched":0,"filesUpdated":0,"matched":0,"total":0,"unchecked":0,"uncheckedKeysByFile":[],"unmatched":0,"updated":0,"didUpdate":false},"startTime":1761534044691,"success":false,"testResults":[{"assertionResults":[],"startTime":1761534044691,"endTime":1761534044691,"status":"failed","message":"No test suite found in file D:/ailocal/FinAI/Previa/tests/database-migration-verification.test.ts","name":"D:/ailocal/FinAI/Previa/tests/database-migration-verification.test.ts"},{"assertionResults":[{"ancestorTitles":["Financial Schema Validation","SEC-001: RLS Policy Structure Validation"],"fullName":"Financial Schema Validation SEC-001: RLS Policy Structure Validation should have RLS policies defined for all financial tables","status":"passed","title":"should have RLS policies defined for all financial tables","duration":741.1648999999998,"failureMessages":[],"meta":{}},{"ancestorTitles":["Financial Schema Validation","SEC-001: RLS Policy Structure Validation"],"fullName":"Financial Schema Validation SEC-001: RLS Policy Structure Validation should document RLS policy structure issue","status":"passed","title":"should document RLS policy structure issue","duration":0.404700000000048,"failureMessages":[],"meta":{}},{"ancestorTitles":["Financial Schema Validation","DATA-002: Trigger Execution Order"],"fullName":"Financial Schema Validation DATA-002: Trigger Execution Order should create free tier on new user signup via trigger","status":"passed","title":"should create free tier on new user signup via trigger","duration":481.7856999999999,"failureMessages":[],"meta":{}},{"ancestorTitles":["Financial Schema Validation","DATA-002: Trigger Execution Order"],"fullName":"Financial Schema Validation DATA-002: Trigger Execution Order should handle duplicate tier creation gracefully","status":"failed","title":"should handle duplicate tier creation gracefully","duration":434.3032000000003,"failureMessages":["AssertionError: expected '42501' to be '23505' // Object.is equality\n    at D:\\ailocal\\FinAI\\Previa\\tests\\financial-schema-validation.test.ts:135:27\n    at processTicksAndRejections (node:internal/process/task_queues:105:5)\n    at file:///D:/ailocal/FinAI/Previa/node_modules/@vitest/runner/dist/chunk-hooks.js:752:20"],"meta":{}},{"ancestorTitles":["Financial Schema Validation","DATA-001: Schema Conflict Validation"],"fullName":"Financial Schema Validation DATA-001: Schema Conflict Validation should have all 6 financial tables created","status":"passed","title":"should have all 6 financial tables created","duration":501.6818000000003,"failureMessages":[],"meta":{}},{"ancestorTitles":["Financial Schema Validation","DATA-001: Schema Conflict Validation"],"fullName":"Financial Schema Validation DATA-001: Schema Conflict Validation should have RLS enabled on all financial tables","status":"passed","title":"should have RLS enabled on all financial tables","duration":447.5481,"failureMessages":[],"meta":{}},{"ancestorTitles":["Financial Schema Validation","DATA-001: Schema Conflict Validation"],"fullName":"Financial Schema Validation DATA-001: Schema Conflict Validation should have all 3 missing FK indexes created","status":"passed","title":"should have all 3 missing FK indexes created","duration":182.11079999999947,"failureMessages":[],"meta":{}}],"startTime":1761534047795,"endTime":1761534050585.1108,"status":"failed","message":"","name":"D:/ailocal/FinAI/Previa/tests/financial-schema-validation.test.ts"},{"assertionResults":[{"ancestorTitles":["Role Assignment Integration Tests"],"fullName":"Role Assignment Integration Tests should create user_roles table structure","status":"passed","title":"should create user_roles table structure","duration":391.8215,"failureMessages":[],"meta":{}},{"ancestorTitles":["Role Assignment Integration Tests"],"fullName":"Role Assignment Integration Tests should enforce role enum constraints","status":"passed","title":"should enforce role enum constraints","duration":77.6564999999996,"failureMessages":[],"meta":{}},{"ancestorTitles":["Role Assignment Integration Tests"],"fullName":"Role Assignment Integration Tests should prevent duplicate role assignments","status":"passed","title":"should prevent duplicate role assignments","duration":0.21720000000004802,"failureMessages":[],"meta":{}},{"ancestorTitles":["Role Assignment Integration Tests"],"fullName":"Role Assignment Integration Tests should enforce RLS policies","status":"passed","title":"should enforce RLS policies","duration":57.4683,"failureMessages":[],"meta":{}},{"ancestorTitles":["Role Assignment Integration Tests"],"fullName":"Role Assignment Integration Tests should allow super admin to view all roles","status":"passed","title":"should allow super admin to view all roles","duration":0.27899999999999636,"failureMessages":[],"meta":{}},{"ancestorTitles":["Role Assignment Integration Tests"],"fullName":"Role Assignment Integration Tests should validate role assignment Edge Function","status":"passed","title":"should validate role assignment Edge Function","duration":0.21059999999988577,"failureMessages":[],"meta":{}},{"ancestorTitles":["Role Assignment Integration Tests"],"fullName":"Role Assignment Integration Tests should validate policy_documents role_assignment field","status":"passed","title":"should validate policy_documents role_assignment field","duration":99.03789999999981,"failureMessages":[],"meta":{}},{"ancestorTitles":["Role Assignment Integration Tests"],"fullName":"Role Assignment Integration Tests should validate helper functions exist","status":"passed","title":"should validate helper functions exist","duration":316.23720000000003,"failureMessages":[],"meta":{}},{"ancestorTitles":["Database Schema Validation"],"fullName":"Database Schema Validation should have correct table structures","status":"passed","title":"should have correct table structures","duration":147.10609999999997,"failureMessages":[],"meta":{}},{"ancestorTitles":["Database Schema Validation"],"fullName":"Database Schema Validation should have proper indexes created","status":"passed","title":"should have proper indexes created","duration":65.42350000000033,"failureMessages":[],"meta":{}},{"ancestorTitles":["Edge Function Logic Tests"],"fullName":"Edge Function Logic Tests should validate request structure","status":"passed","title":"should validate request structure","duration":0.5765000000001237,"failureMessages":[],"meta":{}},{"ancestorTitles":["Edge Function Logic Tests"],"fullName":"Edge Function Logic Tests should handle role assignment logic","status":"passed","title":"should handle role assignment logic","duration":0.2660000000000764,"failureMessages":[],"meta":{}},{"ancestorTitles":["Edge Function Logic Tests"],"fullName":"Edge Function Logic Tests should validate response format","status":"passed","title":"should validate response format","duration":0.34500000000025466,"failureMessages":[],"meta":{}}],"startTime":1761534047407,"endTime":1761534048564.5764,"status":"passed","message":"","name":"D:/ailocal/FinAI/Previa/tests/role-assignment-integration.test.ts"},{"assertionResults":[],"startTime":1761534044691,"endTime":1761534044691,"status":"failed","message":"[vitest] There was an error when mocking a module. If you are using \"vi.mock\" factory, make sure there are no top level variables inside, since this call is hoisted to top of the file. Read more: https://vitest.dev/api/vi.html#vi-mock","name":"D:/ailocal/FinAI/Previa/tests/role-assignment.test.ts"},{"assertionResults":[],"startTime":1761534044691,"endTime":1761534044691,"status":"failed","message":"  x Expected '>', got 'client'\n    ,-[D:/ailocal/FinAI/Previa/tests/role-based-chat-security.test.ts:59:1]\n 56 | \n 57 |   const renderWithProviders = (component: React.ReactElement) => {\n 58 |     return render(\n 59 |       <QueryClientProvider client={queryClient}>\n    :                            ^^^^^^\n 60 |         <AuthProvider>\n 61 |           {component}\n 61 |         </AuthProvider>\r\n    `----\n\n\nCaused by:\n    Syntax Error","name":"D:/ailocal/FinAI/Previa/tests/role-based-chat-security.test.ts"},{"assertionResults":[{"ancestorTitles":["Role-Based Security Unit Tests","getCurrentUserRole Security"],"fullName":"Role-Based Security Unit Tests getCurrentUserRole Security should return null for unauthenticated users","status":"passed","title":"should return null for unauthenticated users","duration":2.940900000000056,"failureMessages":[],"meta":{}},{"ancestorTitles":["Role-Based Security Unit Tests","getCurrentUserRole Security"],"fullName":"Role-Based Security Unit Tests getCurrentUserRole Security should handle database errors gracefully","status":"passed","title":"should handle database errors gracefully","duration":1.8713999999999942,"failureMessages":[],"meta":{}},{"ancestorTitles":["Role-Based Security Unit Tests","getCurrentUserRole Security"],"fullName":"Role-Based Security Unit Tests getCurrentUserRole Security should return correct role for authenticated user","status":"passed","title":"should return correct role for authenticated user","duration":1.1619999999998072,"failureMessages":[],"meta":{}},{"ancestorTitles":["Role-Based Security Unit Tests","hasRole Security"],"fullName":"Role-Based Security Unit Tests hasRole Security should deny access for users without proper role","status":"passed","title":"should deny access for users without proper role","duration":0.6924000000003616,"failureMessages":[],"meta":{}},{"ancestorTitles":["Role-Based Security Unit Tests","hasRole Security"],"fullName":"Role-Based Security Unit Tests hasRole Security should grant access for users with proper role","status":"passed","title":"should grant access for users with proper role","duration":0.5725999999999658,"failureMessages":[],"meta":{}},{"ancestorTitles":["Role-Based Security Unit Tests","hasRole Security"],"fullName":"Role-Based Security Unit Tests hasRole Security should handle database errors securely","status":"passed","title":"should handle database errors securely","duration":0.8278999999997723,"failureMessages":[],"meta":{}},{"ancestorTitles":["Role-Based Security Unit Tests","Role Hierarchy Security"],"fullName":"Role-Based Security Unit Tests Role Hierarchy Security should properly validate role hierarchy","status":"passed","title":"should properly validate role hierarchy","duration":5.581700000000183,"failureMessages":[],"meta":{}},{"ancestorTitles":["Role-Based Security Unit Tests","Edge Case Security Tests"],"fullName":"Role-Based Security Unit Tests Edge Case Security Tests should handle null/undefined inputs securely","status":"failed","title":"should handle null/undefined inputs securely","duration":22.02430000000004,"failureMessages":["AssertionError: expected 'executive' to be null // Object.is equality\n    at D:\\ailocal\\FinAI\\Previa\\tests\\role-security-unit.test.ts:237:23\n    at processTicksAndRejections (node:internal/process/task_queues:105:5)\n    at file:///D:/ailocal/FinAI/Previa/node_modules/@vitest/runner/dist/chunk-hooks.js:752:20"],"meta":{}},{"ancestorTitles":["Role-Based Security Unit Tests","Edge Case Security Tests"],"fullName":"Role-Based Security Unit Tests Edge Case Security Tests should reject invalid role types","status":"passed","title":"should reject invalid role types","duration":2.577400000000125,"failureMessages":[],"meta":{}},{"ancestorTitles":["Role-Based Security Unit Tests","Edge Case Security Tests"],"fullName":"Role-Based Security Unit Tests Edge Case Security Tests should handle concurrent role checks safely","status":"passed","title":"should handle concurrent role checks safely","duration":3.1421000000000276,"failureMessages":[],"meta":{}},{"ancestorTitles":["Role-Based Security Unit Tests","Performance and Security Timing"],"fullName":"Role-Based Security Unit Tests Performance and Security Timing should complete role checks within reasonable time","status":"passed","title":"should complete role checks within reasonable time","duration":1.2609999999999673,"failureMessages":[],"meta":{}},{"ancestorTitles":["Role-Based Security Unit Tests","Performance and Security Timing"],"fullName":"Role-Based Security Unit Tests Performance and Security Timing should not expose timing information that could leak data","status":"failed","title":"should not expose timing information that could leak data","duration":3.6923000000001593,"failureMessages":["AssertionError: expected false to be true // Object.is equality\n    at D:\\ailocal\\FinAI\\Previa\\tests\\role-security-unit.test.ts:354:23\n    at processTicksAndRejections (node:internal/process/task_queues:105:5)\n    at file:///D:/ailocal/FinAI/Previa/node_modules/@vitest/runner/dist/chunk-hooks.js:752:20"],"meta":{}}],"startTime":1761534048940,"endTime":1761534048986.6924,"status":"failed","message":"","name":"D:/ailocal/FinAI/Previa/tests/role-security-unit.test.ts"},{"assertionResults":[],"startTime":1761534044691,"endTime":1761534044691,"status":"failed","message":"  x Expected '>', got 'client'\n    ,-[D:/ailocal/FinAI/Previa/tests/hooks/usePolicyChat.test.ts:71:1]\n 68 | \n 69 |   const createWrapper = () => {\n 70 |     return ({ children }: { children: React.ReactNode }) => (\n 71 |       <QueryClientProvider client={queryClient}>\n    :                            ^^^^^^\n 72 |         {children}\n 73 |       </QueryClientProvider>\n 73 |     );\r\n    `----\n\n\nCaused by:\n    Syntax Error","name":"D:/ailocal/FinAI/Previa/tests/hooks/usePolicyChat.test.ts"},{"assertionResults":[],"startTime":1761534044691,"endTime":1761534044691,"status":"failed","message":"  x Expected '>', got 'client'\n    ,-[D:/ailocal/FinAI/Previa/tests/hooks/useUserRole.test.ts:44:1]\n 41 |     };\n 42 | \n 43 |     return ({ children }: { children: React.ReactNode }) => (\n 44 |       <QueryClientProvider client={queryClient}>\n    :                            ^^^^^^\n 45 |         <AuthContext.Provider value={mockAuthContextValue}>\n 46 |           {children}\n 46 |         </AuthContext.Provider>\r\n    `----\n\n\nCaused by:\n    Syntax Error","name":"D:/ailocal/FinAI/Previa/tests/hooks/useUserRole.test.ts"},{"assertionResults":[],"startTime":1761534044691,"endTime":1761534044691,"status":"failed","message":"SUPABASE_SERVICE_ROLE_KEY environment variable is required for integration tests","name":"D:/ailocal/FinAI/Previa/tests/integration/migration-security.test.ts"},{"assertionResults":[{"ancestorTitles":["WizardContext","Initial State"],"fullName":"WizardContext Initial State should initialize with step 1","status":"passed","title":"should initialize with step 1","duration":18.752700000000004,"failureMessages":[],"meta":{}},{"ancestorTitles":["WizardContext","Initial State"],"fullName":"WizardContext Initial State should initialize with closed modal","status":"passed","title":"should initialize with closed modal","duration":2.8312999999998283,"failureMessages":[],"meta":{}},{"ancestorTitles":["WizardContext","Initial State"],"fullName":"WizardContext Initial State should initialize as not completed","status":"passed","title":"should initialize as not completed","duration":2.459899999999834,"failureMessages":[],"meta":{}},{"ancestorTitles":["WizardContext","Initial State"],"fullName":"WizardContext Initial State should restore last viewed step from localStorage","status":"passed","title":"should restore last viewed step from localStorage","duration":1.9652999999998428,"failureMessages":[],"meta":{}},{"ancestorTitles":["WizardContext","Initial State"],"fullName":"WizardContext Initial State should read completed status from localStorage","status":"passed","title":"should read completed status from localStorage","duration":2.5195999999996275,"failureMessages":[],"meta":{}},{"ancestorTitles":["WizardContext","Modal Actions"],"fullName":"WizardContext Modal Actions should open wizard","status":"passed","title":"should open wizard","duration":2.8213000000000648,"failureMessages":[],"meta":{}},{"ancestorTitles":["WizardContext","Modal Actions"],"fullName":"WizardContext Modal Actions should close wizard","status":"passed","title":"should close wizard","duration":2.352900000000318,"failureMessages":[],"meta":{}},{"ancestorTitles":["WizardContext","Step Navigation"],"fullName":"WizardContext Step Navigation should navigate to next step","status":"passed","title":"should navigate to next step","duration":1.7838999999999032,"failureMessages":[],"meta":{}},{"ancestorTitles":["WizardContext","Step Navigation"],"fullName":"WizardContext Step Navigation should navigate to previous step","status":"passed","title":"should navigate to previous step","duration":2.550299999999879,"failureMessages":[],"meta":{}},{"ancestorTitles":["WizardContext","Step Navigation"],"fullName":"WizardContext Step Navigation should not go below step 1","status":"passed","title":"should not go below step 1","duration":1.6262000000001535,"failureMessages":[],"meta":{}},{"ancestorTitles":["WizardContext","Step Navigation"],"fullName":"WizardContext Step Navigation should not go above step 5","status":"passed","title":"should not go above step 5","duration":1.3237000000003718,"failureMessages":[],"meta":{}},{"ancestorTitles":["WizardContext","Step Navigation"],"fullName":"WizardContext Step Navigation should jump to specific step","status":"passed","title":"should jump to specific step","duration":2.269800000000032,"failureMessages":[],"meta":{}},{"ancestorTitles":["WizardContext","Step Navigation"],"fullName":"WizardContext Step Navigation should ignore invalid step numbers","status":"passed","title":"should ignore invalid step numbers","duration":1.4670000000000982,"failureMessages":[],"meta":{}},{"ancestorTitles":["WizardContext","Progress Calculation"],"fullName":"WizardContext Progress Calculation should calculate progress correctly","status":"passed","title":"should calculate progress correctly","duration":2.0061000000000604,"failureMessages":[],"meta":{}},{"ancestorTitles":["WizardContext","Skip Wizard"],"fullName":"WizardContext Skip Wizard should mark as skipped and close modal","status":"passed","title":"should mark as skipped and close modal","duration":1.5007000000000517,"failureMessages":[],"meta":{}},{"ancestorTitles":["WizardContext","Finish Wizard"],"fullName":"WizardContext Finish Wizard should mark as completed, close modal, and navigate to dashboard","status":"passed","title":"should mark as completed, close modal, and navigate to dashboard","duration":3.3963999999996304,"failureMessages":[],"meta":{}},{"ancestorTitles":["WizardContext","Reset Wizard"],"fullName":"WizardContext Reset Wizard should clear completion flags and reset to step 1","status":"passed","title":"should clear completion flags and reset to step 1","duration":1.7343000000000757,"failureMessages":[],"meta":{}},{"ancestorTitles":["WizardContext","localStorage Persistence"],"fullName":"WizardContext localStorage Persistence should persist current step to localStorage","status":"passed","title":"should persist current step to localStorage","duration":1.360700000000179,"failureMessages":[],"meta":{}},{"ancestorTitles":["Utility Functions","shouldShowWizard"],"fullName":"Utility Functions shouldShowWizard should return true if not completed and not skipped","status":"passed","title":"should return true if not completed and not skipped","duration":0.3739999999997963,"failureMessages":[],"meta":{}},{"ancestorTitles":["Utility Functions","shouldShowWizard"],"fullName":"Utility Functions shouldShowWizard should return false if completed","status":"passed","title":"should return false if completed","duration":0.1714999999999236,"failureMessages":[],"meta":{}},{"ancestorTitles":["Utility Functions","shouldShowWizard"],"fullName":"Utility Functions shouldShowWizard should return false if skipped","status":"passed","title":"should return false if skipped","duration":0.17950000000018917,"failureMessages":[],"meta":{}},{"ancestorTitles":["Utility Functions","shouldShowWizard"],"fullName":"Utility Functions shouldShowWizard should return false if both completed and skipped","status":"passed","title":"should return false if both completed and skipped","duration":0.20949999999993452,"failureMessages":[],"meta":{}},{"ancestorTitles":["Utility Functions","getWizardStats"],"fullName":"Utility Functions getWizardStats should return correct stats with no localStorage","status":"passed","title":"should return correct stats with no localStorage","duration":0.40639999999984866,"failureMessages":[],"meta":{}},{"ancestorTitles":["Utility Functions","getWizardStats"],"fullName":"Utility Functions getWizardStats should return correct stats with completed wizard","status":"passed","title":"should return correct stats with completed wizard","duration":1.0149000000001251,"failureMessages":[],"meta":{}},{"ancestorTitles":["Utility Functions","getWizardStats"],"fullName":"Utility Functions getWizardStats should return correct stats with skipped wizard","status":"passed","title":"should return correct stats with skipped wizard","duration":0.20910000000003492,"failureMessages":[],"meta":{}}],"startTime":1761534047444,"endTime":1761534047503.209,"status":"passed","message":"","name":"D:/ailocal/FinAI/Previa/src/contexts/WizardContext.test.tsx"},{"assertionResults":[],"startTime":1761534044691,"endTime":1761534044691,"status":"failed","message":"[vitest] There was an error when mocking a module. If you are using \"vi.mock\" factory, make sure there are no top level variables inside, since this call is hoisted to top of the file. Read more: https://vitest.dev/api/vi.html#vi-mock","name":"D:/ailocal/FinAI/Previa/src/pages/Auth.test.tsx"},{"assertionResults":[{"ancestorTitles":["Welcome Component"],"fullName":"Welcome Component renders welcome screen with Previa branding","status":"passed","title":"renders welcome screen with Previa branding","duration":85.91789999999992,"failureMessages":[],"meta":{}},{"ancestorTitles":["Welcome Component"],"fullName":"Welcome Component displays three key benefits with icons","status":"passed","title":"displays three key benefits with icons","duration":26.24270000000024,"failureMessages":[],"meta":{}},{"ancestorTitles":["Welcome Component"],"fullName":"Welcome Component renders Get Started button","status":"passed","title":"renders Get Started button","duration":112.45409999999993,"failureMessages":[],"meta":{}},{"ancestorTitles":["Welcome Component"],"fullName":"Welcome Component navigates to /auth when Get Started is clicked","status":"passed","title":"navigates to /auth when Get Started is clicked","duration":32.766200000000026,"failureMessages":[],"meta":{}},{"ancestorTitles":["Welcome Component"],"fullName":"Welcome Component displays legal links in footer","status":"passed","title":"displays legal links in footer","duration":74.40000000000009,"failureMessages":[],"meta":{}},{"ancestorTitles":["Welcome Component"],"fullName":"Welcome Component applies Previa design system colors","status":"passed","title":"applies Previa design system colors","duration":6.914800000000014,"failureMessages":[],"meta":{}},{"ancestorTitles":["Welcome Component"],"fullName":"Welcome Component is responsive with mobile-first layout","status":"passed","title":"is responsive with mobile-first layout","duration":7.019000000000233,"failureMessages":[],"meta":{}}],"startTime":1761534048778,"endTime":1761534049125.019,"status":"passed","message":"","name":"D:/ailocal/FinAI/Previa/src/pages/Welcome.test.tsx"},{"assertionResults":[{"ancestorTitles":["storageService - uploadBankStatement"],"fullName":"storageService - uploadBankStatement should upload file successfully","status":"passed","title":"should upload file successfully","duration":4.906500000000051,"failureMessages":[],"meta":{}},{"ancestorTitles":["storageService - uploadBankStatement"],"fullName":"storageService - uploadBankStatement should throw error when upload fails","status":"passed","title":"should throw error when upload fails","duration":1.457300000000032,"failureMessages":[],"meta":{}},{"ancestorTitles":["storageService - uploadBankStatement"],"fullName":"storageService - uploadBankStatement should generate unique file paths","status":"passed","title":"should generate unique file paths","duration":13.952099999999973,"failureMessages":[],"meta":{}}],"startTime":1761534048744,"endTime":1761534048764.9521,"status":"passed","message":"","name":"D:/ailocal/FinAI/Previa/src/services/storageService.test.ts"},{"assertionResults":[{"ancestorTitles":["useDeleteMockData"],"fullName":"useDeleteMockData should initialize with correct default state","status":"passed","title":"should initialize with correct default state","duration":14.011600000000044,"failureMessages":[],"meta":{}},{"ancestorTitles":["useDeleteMockData"],"fullName":"useDeleteMockData should handle authentication errors","status":"passed","title":"should handle authentication errors","duration":4.667300000000068,"failureMessages":[],"meta":{}},{"ancestorTitles":["useDeleteMockData"],"fullName":"useDeleteMockData should call Edge Function with valid session","status":"passed","title":"should call Edge Function with valid session","duration":5.3802999999998065,"failureMessages":[],"meta":{}},{"ancestorTitles":["useDeleteMockData"],"fullName":"useDeleteMockData should handle rate limiting errors","status":"passed","title":"should handle rate limiting errors","duration":4.826000000000022,"failureMessages":[],"meta":{}}],"startTime":1761534048976,"endTime":1761534049004.826,"status":"passed","message":"","name":"D:/ailocal/FinAI/Previa/src/test/delete-mock-data.test.ts"},{"assertionResults":[{"ancestorTitles":["CodeVerificationInput"],"fullName":"CodeVerificationInput renders 6 input fields","status":"passed","title":"renders 6 input fields","duration":241.00829999999996,"failureMessages":[],"meta":{}},{"ancestorTitles":["CodeVerificationInput"],"fullName":"CodeVerificationInput auto-focuses first field on mount","status":"failed","title":"auto-focuses first field on mount","duration":81.63259999999946,"failureMessages":["Error: \u001b[2mexpect(\u001b[22m\u001b[31melement\u001b[39m\u001b[2m).toHaveFocus()\u001b[22m\n\nExpected element with focus:\n  \u001b[32m<input\n  aria-label=\"Please enter your pin code\"\n  autocomplete=\"one-time-code\"\n  class=\"chakra-pin-input css-1949lvx\"\n  data-index=\"0\"\n  id=\"pin-input-:r1:-0\"\n  inputmode=\"numeric\"\n  placeholder=\"○\"\n  type=\"tel\"\n  value=\"\"\n/>\u001b[39m\nReceived element with focus:\n  \u001b[31m<body>\n  <div>\n    <div\n      class=\"chakra-stack css-qjcev7\"\n    >\n      <input\n        aria-label=\"Please enter your pin code\"\n        autocomplete=\"one-time-code\"\n        class=\"chakra-pin-input css-1949lvx\"\n        data-index=\"0\"\n        id=\"pin-input-:r1:-0\"\n        inputmode=\"numeric\"\n        placeholder=\"○\"\n        type=\"tel\"\n        value=\"\"\n      />\n      <input\n        aria-label=\"Please enter your pin code\"\n        autocomplete=\"one-time-code\"\n        class=\"chakra-pin-input css-1949lvx\"\n        data-index=\"1\"\n        id=\"pin-input-:r1:-1\"\n        inputmode=\"numeric\"\n        placeholder=\"○\"\n        type=\"tel\"\n        value=\"\"\n      />\n      <input\n        aria-label=\"Please enter your pin code\"\n        autocomplete=\"one-time-code\"\n        class=\"chakra-pin-input css-1949lvx\"\n        data-index=\"2\"\n        id=\"pin-input-:r1:-2\"\n        inputmode=\"numeric\"\n        placeholder=\"○\"\n        type=\"tel\"\n        value=\"\"\n      />\n      <input\n        aria-label=\"Please enter your pin code\"\n        autocomplete=\"one-time-code\"\n        class=\"chakra-pin-input css-1949lvx\"\n        data-index=\"3\"\n        id=\"pin-input-:r1:-3\"\n        inputmode=\"numeric\"\n        placeholder=\"○\"\n        type=\"tel\"\n        value=\"\"\n      />\n      <input\n        aria-label=\"Please enter your pin code\"\n        autocomplete=\"one-time-code\"\n        class=\"chakra-pin-input css-1949lvx\"\n        data-index=\"4\"\n        id=\"pin-input-:r1:-4\"\n        inputmode=\"numeric\"\n        placeholder=\"○\"\n        type=\"tel\"\n        value=\"\"\n      />\n      <input\n        aria-label=\"Please enter your pin code\"\n        autocomplete=\"one-time-code\"\n        class=\"chakra-pin-input css-1949lvx\"\n        data-index=\"5\"\n        id=\"pin-input-:r1:-5\"\n        inputmode=\"numeric\"\n        placeholder=\"○\"\n        type=\"tel\"\n        value=\"\"\n      />\n    </div>\n  </div>\n</body>\u001b[39m\n    at Proxy.expectWrapper (file:///D:/ailocal/FinAI/Previa/node_modules/@vitest/expect/dist/index.js:1745:12)\n    at Proxy.<anonymous> (file:///D:/ailocal/FinAI/Previa/node_modules/@vitest/expect/dist/index.js:1029:14)\n    at Proxy.toHaveFocus (file:///D:/ailocal/FinAI/Previa/node_modules/chai/index.js:1686:25)\n    at D:\\ailocal\\FinAI\\Previa\\src\\components\\auth\\CodeVerificationInput.test.tsx:25:24\n    at file:///D:/ailocal/FinAI/Previa/node_modules/@vitest/runner/dist/chunk-hooks.js:155:11\n    at file:///D:/ailocal/FinAI/Previa/node_modules/@vitest/runner/dist/chunk-hooks.js:752:26\n    at file:///D:/ailocal/FinAI/Previa/node_modules/@vitest/runner/dist/chunk-hooks.js:1897:20\n    at new Promise (<anonymous>)\n    at runWithTimeout (file:///D:/ailocal/FinAI/Previa/node_modules/@vitest/runner/dist/chunk-hooks.js:1863:10)\n    at runTest (file:///D:/ailocal/FinAI/Previa/node_modules/@vitest/runner/dist/chunk-hooks.js:1574:12)"],"meta":{}},{"ancestorTitles":["CodeVerificationInput"],"fullName":"CodeVerificationInput only accepts numeric input","status":"passed","title":"only accepts numeric input","duration":106.74150000000009,"failureMessages":[],"meta":{}},{"ancestorTitles":["CodeVerificationInput"],"fullName":"CodeVerificationInput moves to next field on digit entry","status":"failed","title":"moves to next field on digit entry","duration":72.67799999999988,"failureMessages":["Error: \u001b[2mexpect(\u001b[22m\u001b[31melement\u001b[39m\u001b[2m).toHaveFocus()\u001b[22m\n\nExpected element with focus:\n  \u001b[32m<input\n  aria-label=\"Please enter your pin code\"\n  autocomplete=\"one-time-code\"\n  class=\"chakra-pin-input css-1949lvx\"\n  data-index=\"1\"\n  id=\"pin-input-:r3:-1\"\n  inputmode=\"numeric\"\n  placeholder=\"○\"\n  type=\"tel\"\n  value=\"\"\n/>\u001b[39m\nReceived element with focus:\n  \u001b[31m<body>\n  <div>\n    <div\n      class=\"chakra-stack css-qjcev7\"\n    >\n      <input\n        aria-label=\"Please enter your pin code\"\n        autocomplete=\"one-time-code\"\n        class=\"chakra-pin-input css-1949lvx\"\n        data-index=\"0\"\n        id=\"pin-input-:r3:-0\"\n        inputmode=\"numeric\"\n        placeholder=\"○\"\n        type=\"tel\"\n        value=\"1\"\n      />\n      <input\n        aria-label=\"Please enter your pin code\"\n        autocomplete=\"one-time-code\"\n        class=\"chakra-pin-input css-1949lvx\"\n        data-index=\"1\"\n        id=\"pin-input-:r3:-1\"\n        inputmode=\"numeric\"\n        placeholder=\"○\"\n        type=\"tel\"\n        value=\"\"\n      />\n      <input\n        aria-label=\"Please enter your pin code\"\n        autocomplete=\"one-time-code\"\n        class=\"chakra-pin-input css-1949lvx\"\n        data-index=\"2\"\n        id=\"pin-input-:r3:-2\"\n        inputmode=\"numeric\"\n        placeholder=\"○\"\n        type=\"tel\"\n        value=\"\"\n      />\n      <input\n        aria-label=\"Please enter your pin code\"\n        autocomplete=\"one-time-code\"\n        class=\"chakra-pin-input css-1949lvx\"\n        data-index=\"3\"\n        id=\"pin-input-:r3:-3\"\n        inputmode=\"numeric\"\n        placeholder=\"○\"\n        type=\"tel\"\n        value=\"\"\n      />\n      <input\n        aria-label=\"Please enter your pin code\"\n        autocomplete=\"one-time-code\"\n        class=\"chakra-pin-input css-1949lvx\"\n        data-index=\"4\"\n        id=\"pin-input-:r3:-4\"\n        inputmode=\"numeric\"\n        placeholder=\"○\"\n        type=\"tel\"\n        value=\"\"\n      />\n      <input\n        aria-label=\"Please enter your pin code\"\n        autocomplete=\"one-time-code\"\n        class=\"chakra-pin-input css-1949lvx\"\n        data-index=\"5\"\n        id=\"pin-input-:r3:-5\"\n        inputmode=\"numeric\"\n        placeholder=\"○\"\n        type=\"tel\"\n        value=\"\"\n      />\n    </div>\n  </div>\n</body>\u001b[39m\n    at Proxy.expectWrapper (file:///D:/ailocal/FinAI/Previa/node_modules/@vitest/expect/dist/index.js:1745:12)\n    at Proxy.<anonymous> (file:///D:/ailocal/FinAI/Previa/node_modules/@vitest/expect/dist/index.js:1029:14)\n    at Proxy.toHaveFocus (file:///D:/ailocal/FinAI/Previa/node_modules/chai/index.js:1686:25)\n    at D:\\ailocal\\FinAI\\Previa\\src\\components\\auth\\CodeVerificationInput.test.tsx:43:23\n    at file:///D:/ailocal/FinAI/Previa/node_modules/@vitest/runner/dist/chunk-hooks.js:155:11\n    at file:///D:/ailocal/FinAI/Previa/node_modules/@vitest/runner/dist/chunk-hooks.js:752:26\n    at file:///D:/ailocal/FinAI/Previa/node_modules/@vitest/runner/dist/chunk-hooks.js:1897:20\n    at new Promise (<anonymous>)\n    at runWithTimeout (file:///D:/ailocal/FinAI/Previa/node_modules/@vitest/runner/dist/chunk-hooks.js:1863:10)\n    at runTest (file:///D:/ailocal/FinAI/Previa/node_modules/@vitest/runner/dist/chunk-hooks.js:1574:12)"],"meta":{}},{"ancestorTitles":["CodeVerificationInput"],"fullName":"CodeVerificationInput moves to previous field on backspace when current is empty","status":"passed","title":"moves to previous field on backspace when current is empty","duration":68.30000000000018,"failureMessages":[],"meta":{}},{"ancestorTitles":["CodeVerificationInput"],"fullName":"CodeVerificationInput calls onCodeChange when digits change","status":"passed","title":"calls onCodeChange when digits change","duration":69.07040000000052,"failureMessages":[],"meta":{}},{"ancestorTitles":["CodeVerificationInput"],"fullName":"CodeVerificationInput calls onComplete when all 6 digits are entered","status":"passed","title":"calls onComplete when all 6 digits are entered","duration":70.95499999999993,"failureMessages":[],"meta":{}},{"ancestorTitles":["CodeVerificationInput"],"fullName":"CodeVerificationInput handles paste functionality with 6-digit code","status":"failed","title":"handles paste functionality with 6-digit code","duration":51.21429999999964,"failureMessages":["AssertionError: expected \"spy\" to be called with arguments: [ '123456' ]\u001b[90m\n\nNumber of calls: \u001b[1m0\u001b[22m\n\u001b[39m\n    at Proxy.<anonymous> (file:///D:/ailocal/FinAI/Previa/node_modules/@vitest/expect/dist/index.js:1355:10)\n    at Proxy.<anonymous> (file:///D:/ailocal/FinAI/Previa/node_modules/@vitest/expect/dist/index.js:1029:14)\n    at Proxy.toHaveBeenCalledWith (file:///D:/ailocal/FinAI/Previa/node_modules/chai/index.js:1686:25)\n    at D:\\ailocal\\FinAI\\Previa\\src\\components\\auth\\CodeVerificationInput.test.tsx:97:28\n    at file:///D:/ailocal/FinAI/Previa/node_modules/@vitest/runner/dist/chunk-hooks.js:155:11\n    at file:///D:/ailocal/FinAI/Previa/node_modules/@vitest/runner/dist/chunk-hooks.js:752:26\n    at file:///D:/ailocal/FinAI/Previa/node_modules/@vitest/runner/dist/chunk-hooks.js:1897:20\n    at new Promise (<anonymous>)\n    at runWithTimeout (file:///D:/ailocal/FinAI/Previa/node_modules/@vitest/runner/dist/chunk-hooks.js:1863:10)\n    at runTest (file:///D:/ailocal/FinAI/Previa/node_modules/@vitest/runner/dist/chunk-hooks.js:1574:12)"],"meta":{}},{"ancestorTitles":["CodeVerificationInput"],"fullName":"CodeVerificationInput ignores paste with invalid data","status":"passed","title":"ignores paste with invalid data","duration":41.85440000000017,"failureMessages":[],"meta":{}},{"ancestorTitles":["CodeVerificationInput"],"fullName":"CodeVerificationInput shows visual feedback for filled fields","status":"failed","title":"shows visual feedback for filled fields","duration":35.819900000000416,"failureMessages":["Error: \u001b[2mexpect(\u001b[22m\u001b[31melement\u001b[39m\u001b[2m).toHaveClass(\u001b[22m\u001b[32m\u001b[32m\"border-green-500\"\u001b[32m\u001b[39m\u001b[2m)\u001b[22m\n\nExpected the element to have class:\n\u001b[32m  border-green-500\u001b[39m\nReceived:\n\u001b[31m  chakra-pin-input css-1949lvx\u001b[39m\n    at Proxy.expectWrapper (file:///D:/ailocal/FinAI/Previa/node_modules/@vitest/expect/dist/index.js:1745:12)\n    at Proxy.<anonymous> (file:///D:/ailocal/FinAI/Previa/node_modules/@vitest/expect/dist/index.js:1029:14)\n    at Proxy.toHaveClass (file:///D:/ailocal/FinAI/Previa/node_modules/chai/index.js:1686:25)\n    at D:\\ailocal\\FinAI\\Previa\\src\\components\\auth\\CodeVerificationInput.test.tsx:122:24\n    at file:///D:/ailocal/FinAI/Previa/node_modules/@vitest/runner/dist/chunk-hooks.js:155:11\n    at file:///D:/ailocal/FinAI/Previa/node_modules/@vitest/runner/dist/chunk-hooks.js:752:26\n    at file:///D:/ailocal/FinAI/Previa/node_modules/@vitest/runner/dist/chunk-hooks.js:1897:20\n    at new Promise (<anonymous>)\n    at runWithTimeout (file:///D:/ailocal/FinAI/Previa/node_modules/@vitest/runner/dist/chunk-hooks.js:1863:10)\n    at runTest (file:///D:/ailocal/FinAI/Previa/node_modules/@vitest/runner/dist/chunk-hooks.js:1574:12)"],"meta":{}},{"ancestorTitles":["CodeVerificationInput"],"fullName":"CodeVerificationInput disables all inputs when disabled prop is true","status":"passed","title":"disables all inputs when disabled prop is true","duration":24.33550000000014,"failureMessages":[],"meta":{}},{"ancestorTitles":["CodeVerificationInput"],"fullName":"CodeVerificationInput handles focus events correctly","status":"failed","title":"handles focus events correctly","duration":74.29509999999937,"failureMessages":["Error: \u001b[2mexpect(\u001b[22m\u001b[31melement\u001b[39m\u001b[2m).toHaveFocus()\u001b[22m\n\nExpected element with focus:\n  \u001b[32m<input\n  aria-label=\"Please enter your pin code\"\n  autocomplete=\"one-time-code\"\n  class=\"chakra-pin-input css-1949lvx\"\n  data-index=\"1\"\n  id=\"pin-input-:rb:-1\"\n  inputmode=\"numeric\"\n  placeholder=\"○\"\n  type=\"tel\"\n  value=\"\"\n/>\u001b[39m\nReceived element with focus:\n  \u001b[31m<body>\n  <div>\n    <div\n      class=\"chakra-stack css-qjcev7\"\n    >\n      <input\n        aria-label=\"Please enter your pin code\"\n        autocomplete=\"one-time-code\"\n        class=\"chakra-pin-input css-1949lvx\"\n        data-index=\"0\"\n        id=\"pin-input-:rb:-0\"\n        inputmode=\"numeric\"\n        placeholder=\"○\"\n        type=\"tel\"\n        value=\"1\"\n      />\n      <input\n        aria-label=\"Please enter your pin code\"\n        autocomplete=\"one-time-code\"\n        class=\"chakra-pin-input css-1949lvx\"\n        data-index=\"1\"\n        id=\"pin-input-:rb:-1\"\n        inputmode=\"numeric\"\n        placeholder=\"○\"\n        type=\"tel\"\n        value=\"\"\n      />\n      <input\n        aria-label=\"Please enter your pin code\"\n        autocomplete=\"one-time-code\"\n        class=\"chakra-pin-input css-1949lvx\"\n        data-index=\"2\"\n        id=\"pin-input-:rb:-2\"\n        inputmode=\"numeric\"\n        placeholder=\"○\"\n        type=\"tel\"\n        value=\"\"\n      />\n      <input\n        aria-label=\"Please enter your pin code\"\n        autocomplete=\"one-time-code\"\n        class=\"chakra-pin-input css-1949lvx\"\n        data-index=\"3\"\n        id=\"pin-input-:rb:-3\"\n        inputmode=\"numeric\"\n        placeholder=\"○\"\n        type=\"tel\"\n        value=\"\"\n      />\n      <input\n        aria-label=\"Please enter your pin code\"\n        autocomplete=\"one-time-code\"\n        class=\"chakra-pin-input css-1949lvx\"\n        data-index=\"4\"\n        id=\"pin-input-:rb:-4\"\n        inputmode=\"numeric\"\n        placeholder=\"○\"\n        type=\"tel\"\n        value=\"\"\n      />\n      <input\n        aria-label=\"Please enter your pin code\"\n        autocomplete=\"one-time-code\"\n        class=\"chakra-pin-input css-1949lvx\"\n        data-index=\"5\"\n        id=\"pin-input-:rb:-5\"\n        inputmode=\"numeric\"\n        placeholder=\"○\"\n        type=\"tel\"\n        value=\"\"\n      />\n    </div>\n  </div>\n</body>\u001b[39m\n    at Proxy.expectWrapper (file:///D:/ailocal/FinAI/Previa/node_modules/@vitest/expect/dist/index.js:1745:12)\n    at Proxy.<anonymous> (file:///D:/ailocal/FinAI/Previa/node_modules/@vitest/expect/dist/index.js:1029:14)\n    at Proxy.toHaveFocus (file:///D:/ailocal/FinAI/Previa/node_modules/chai/index.js:1686:25)\n    at D:\\ailocal\\FinAI\\Previa\\src\\components\\auth\\CodeVerificationInput.test.tsx:142:25\n    at file:///D:/ailocal/FinAI/Previa/node_modules/@vitest/runner/dist/chunk-hooks.js:155:11\n    at file:///D:/ailocal/FinAI/Previa/node_modules/@vitest/runner/dist/chunk-hooks.js:752:26\n    at file:///D:/ailocal/FinAI/Previa/node_modules/@vitest/runner/dist/chunk-hooks.js:1897:20\n    at new Promise (<anonymous>)\n    at runWithTimeout (file:///D:/ailocal/FinAI/Previa/node_modules/@vitest/runner/dist/chunk-hooks.js:1863:10)\n    at runTest (file:///D:/ailocal/FinAI/Previa/node_modules/@vitest/runner/dist/chunk-hooks.js:1574:12)"],"meta":{}}],"startTime":1761534048728,"endTime":1761534049666.2952,"status":"failed","message":"","name":"D:/ailocal/FinAI/Previa/src/components/auth/CodeVerificationInput.test.tsx"},{"assertionResults":[{"ancestorTitles":["OAuthProviders"],"fullName":"OAuthProviders renders OAuth provider buttons","status":"passed","title":"renders OAuth provider buttons","duration":79.74180000000024,"failureMessages":[],"meta":{}},{"ancestorTitles":["OAuthProviders"],"fullName":"OAuthProviders renders signup mode correctly","status":"passed","title":"renders signup mode correctly","duration":12.88530000000037,"failureMessages":[],"meta":{}},{"ancestorTitles":["OAuthProviders"],"fullName":"OAuthProviders calls onProviderClick with correct provider when clicked","status":"passed","title":"calls onProviderClick with correct provider when clicked","duration":16.56790000000001,"failureMessages":[],"meta":{}},{"ancestorTitles":["OAuthProviders"],"fullName":"OAuthProviders disables buttons when loading","status":"passed","title":"disables buttons when loading","duration":127.10959999999977,"failureMessages":[],"meta":{}},{"ancestorTitles":["OAuthProviders"],"fullName":"OAuthProviders renders without separator text","status":"passed","title":"renders without separator text","duration":8.617600000000039,"failureMessages":[],"meta":{}}],"startTime":1761534048707,"endTime":1761534048952.6177,"status":"passed","message":"","name":"D:/ailocal/FinAI/Previa/src/components/auth/OAuthProviders.test.tsx"},{"assertionResults":[{"ancestorTitles":["SignUpForm"],"fullName":"SignUpForm renders OAuth-only sign-up form","status":"passed","title":"renders OAuth-only sign-up form","duration":111.95810000000029,"failureMessages":[],"meta":{}},{"ancestorTitles":["SignUpForm"],"fullName":"SignUpForm calls onSuccess when OAuth provider is clicked","status":"passed","title":"calls onSuccess when OAuth provider is clicked","duration":19.32210000000032,"failureMessages":[],"meta":{}},{"ancestorTitles":["SignUpForm"],"fullName":"SignUpForm handles OAuth provider clicks for all providers","status":"passed","title":"handles OAuth provider clicks for all providers","duration":13.468599999999697,"failureMessages":[],"meta":{}},{"ancestorTitles":["SignUpForm"],"fullName":"SignUpForm does not show email/password fields","status":"passed","title":"does not show email/password fields","duration":27.745699999999943,"failureMessages":[],"meta":{}},{"ancestorTitles":["SignUpForm"],"fullName":"SignUpForm applies custom className","status":"passed","title":"applies custom className","duration":6.6624000000001615,"failureMessages":[],"meta":{}}],"startTime":1761534048751,"endTime":1761534048930.6624,"status":"passed","message":"","name":"D:/ailocal/FinAI/Previa/src/components/auth/SignUpForm.test.tsx"},{"assertionResults":[{"ancestorTitles":["RecentTransactionsList","Normal Rendering"],"fullName":"RecentTransactionsList Normal Rendering renders component with emoji and title","status":"passed","title":"renders component with emoji and title","duration":108.52660000000014,"failureMessages":[],"meta":{}},{"ancestorTitles":["RecentTransactionsList","Normal Rendering"],"fullName":"RecentTransactionsList Normal Rendering renders \"View All\" button with navigation","status":"passed","title":"renders \"View All\" button with navigation","duration":161.3512999999998,"failureMessages":[],"meta":{}},{"ancestorTitles":["RecentTransactionsList","Normal Rendering"],"fullName":"RecentTransactionsList Normal Rendering displays transactions up to the limit","status":"passed","title":"displays transactions up to the limit","duration":14.12440000000015,"failureMessages":[],"meta":{}},{"ancestorTitles":["RecentTransactionsList","Normal Rendering"],"fullName":"RecentTransactionsList Normal Rendering displays all transactions when below limit","status":"passed","title":"displays all transactions when below limit","duration":22.334599999999682,"failureMessages":[],"meta":{}},{"ancestorTitles":["RecentTransactionsList","Transaction Details"],"fullName":"RecentTransactionsList Transaction Details displays transaction description","status":"passed","title":"displays transaction description","duration":18.17369999999937,"failureMessages":[],"meta":{}},{"ancestorTitles":["RecentTransactionsList","Transaction Details"],"fullName":"RecentTransactionsList Transaction Details displays category badges when available","status":"passed","title":"displays category badges when available","duration":21.636000000000422,"failureMessages":[],"meta":{}},{"ancestorTitles":["RecentTransactionsList","Transaction Details"],"fullName":"RecentTransactionsList Transaction Details displays transaction dates with calendar icon","status":"passed","title":"displays transaction dates with calendar icon","duration":13.375700000000506,"failureMessages":[],"meta":{}},{"ancestorTitles":["RecentTransactionsList","Transaction Details"],"fullName":"RecentTransactionsList Transaction Details displays amounts with currency formatting","status":"passed","title":"displays amounts with currency formatting","duration":15.548300000000381,"failureMessages":[],"meta":{}},{"ancestorTitles":["RecentTransactionsList","Transaction Details"],"fullName":"RecentTransactionsList Transaction Details applies correct color coding for negative amounts","status":"failed","title":"applies correct color coding for negative amounts","duration":38.66810000000078,"failureMessages":["AssertionError: expected 0 to be greater than 0\n    at D:\\ailocal\\FinAI\\Previa\\src\\components\\dashboard\\RecentTransactionsList.test.tsx:154:38\n    at file:///D:/ailocal/FinAI/Previa/node_modules/@vitest/runner/dist/chunk-hooks.js:155:11\n    at file:///D:/ailocal/FinAI/Previa/node_modules/@vitest/runner/dist/chunk-hooks.js:752:26\n    at file:///D:/ailocal/FinAI/Previa/node_modules/@vitest/runner/dist/chunk-hooks.js:1897:20\n    at new Promise (<anonymous>)\n    at runWithTimeout (file:///D:/ailocal/FinAI/Previa/node_modules/@vitest/runner/dist/chunk-hooks.js:1863:10)\n    at runTest (file:///D:/ailocal/FinAI/Previa/node_modules/@vitest/runner/dist/chunk-hooks.js:1574:12)\n    at processTicksAndRejections (node:internal/process/task_queues:105:5)\n    at runSuite (file:///D:/ailocal/FinAI/Previa/node_modules/@vitest/runner/dist/chunk-hooks.js:1729:8)\n    at runSuite (file:///D:/ailocal/FinAI/Previa/node_modules/@vitest/runner/dist/chunk-hooks.js:1729:8)"],"meta":{}},{"ancestorTitles":["RecentTransactionsList","Transaction Details"],"fullName":"RecentTransactionsList Transaction Details applies correct color coding for positive amounts","status":"failed","title":"applies correct color coding for positive amounts","duration":19.14679999999953,"failureMessages":["AssertionError: expected 0 to be greater than 0\n    at D:\\ailocal\\FinAI\\Previa\\src\\components\\dashboard\\RecentTransactionsList.test.tsx:164:38\n    at file:///D:/ailocal/FinAI/Previa/node_modules/@vitest/runner/dist/chunk-hooks.js:155:11\n    at file:///D:/ailocal/FinAI/Previa/node_modules/@vitest/runner/dist/chunk-hooks.js:752:26\n    at file:///D:/ailocal/FinAI/Previa/node_modules/@vitest/runner/dist/chunk-hooks.js:1897:20\n    at new Promise (<anonymous>)\n    at runWithTimeout (file:///D:/ailocal/FinAI/Previa/node_modules/@vitest/runner/dist/chunk-hooks.js:1863:10)\n    at runTest (file:///D:/ailocal/FinAI/Previa/node_modules/@vitest/runner/dist/chunk-hooks.js:1574:12)\n    at processTicksAndRejections (node:internal/process/task_queues:105:5)\n    at runSuite (file:///D:/ailocal/FinAI/Previa/node_modules/@vitest/runner/dist/chunk-hooks.js:1729:8)\n    at runSuite (file:///D:/ailocal/FinAI/Previa/node_modules/@vitest/runner/dist/chunk-hooks.js:1729:8)"],"meta":{}},{"ancestorTitles":["RecentTransactionsList","Transaction Details"],"fullName":"RecentTransactionsList Transaction Details displays + prefix for positive amounts","status":"passed","title":"displays + prefix for positive amounts","duration":14.003099999999904,"failureMessages":[],"meta":{}},{"ancestorTitles":["RecentTransactionsList","Transaction Details"],"fullName":"RecentTransactionsList Transaction Details does not display + prefix for negative amounts","status":"passed","title":"does not display + prefix for negative amounts","duration":25.3162999999995,"failureMessages":[],"meta":{}},{"ancestorTitles":["RecentTransactionsList","Notebook Design System"],"fullName":"RecentTransactionsList Notebook Design System applies paper white background for transaction cards","status":"failed","title":"applies paper white background for transaction cards","duration":15.2458000000006,"failureMessages":["Error: \u001b[2mexpect(\u001b[22m\u001b[31mreceived\u001b[39m\u001b[2m).toBeInTheDocument()\u001b[22m\n\n\u001b[31mreceived\u001b[39m value must be an HTMLElement or an SVGElement.\nReceived has type:  Null\nReceived has value: \u001b[31mnull\u001b[39m\n    at Proxy.expectWrapper (file:///D:/ailocal/FinAI/Previa/node_modules/@vitest/expect/dist/index.js:1734:36)\n    at Proxy.<anonymous> (file:///D:/ailocal/FinAI/Previa/node_modules/@vitest/expect/dist/index.js:1029:14)\n    at Proxy.toBeInTheDocument (file:///D:/ailocal/FinAI/Previa/node_modules/chai/index.js:1686:25)\n    at D:\\ailocal\\FinAI\\Previa\\src\\components\\dashboard\\RecentTransactionsList.test.tsx:190:30\n    at file:///D:/ailocal/FinAI/Previa/node_modules/@vitest/runner/dist/chunk-hooks.js:155:11\n    at file:///D:/ailocal/FinAI/Previa/node_modules/@vitest/runner/dist/chunk-hooks.js:752:26\n    at file:///D:/ailocal/FinAI/Previa/node_modules/@vitest/runner/dist/chunk-hooks.js:1897:20\n    at new Promise (<anonymous>)\n    at runWithTimeout (file:///D:/ailocal/FinAI/Previa/node_modules/@vitest/runner/dist/chunk-hooks.js:1863:10)\n    at runTest (file:///D:/ailocal/FinAI/Previa/node_modules/@vitest/runner/dist/chunk-hooks.js:1574:12)"],"meta":{}},{"ancestorTitles":["RecentTransactionsList","Notebook Design System"],"fullName":"RecentTransactionsList Notebook Design System applies ruled lines between transactions","status":"failed","title":"applies ruled lines between transactions","duration":12.173100000000886,"failureMessages":["Error: \u001b[2mexpect(\u001b[22m\u001b[31mreceived\u001b[39m\u001b[2m).toBeInTheDocument()\u001b[22m\n\n\u001b[31mreceived\u001b[39m value must be an HTMLElement or an SVGElement.\nReceived has type:  Null\nReceived has value: \u001b[31mnull\u001b[39m\n    at Proxy.expectWrapper (file:///D:/ailocal/FinAI/Previa/node_modules/@vitest/expect/dist/index.js:1734:36)\n    at Proxy.<anonymous> (file:///D:/ailocal/FinAI/Previa/node_modules/@vitest/expect/dist/index.js:1029:14)\n    at Proxy.toBeInTheDocument (file:///D:/ailocal/FinAI/Previa/node_modules/chai/index.js:1686:25)\n    at D:\\ailocal\\FinAI\\Previa\\src\\components\\dashboard\\RecentTransactionsList.test.tsx:200:32\n    at file:///D:/ailocal/FinAI/Previa/node_modules/@vitest/runner/dist/chunk-hooks.js:155:11\n    at file:///D:/ailocal/FinAI/Previa/node_modules/@vitest/runner/dist/chunk-hooks.js:752:26\n    at file:///D:/ailocal/FinAI/Previa/node_modules/@vitest/runner/dist/chunk-hooks.js:1897:20\n    at new Promise (<anonymous>)\n    at runWithTimeout (file:///D:/ailocal/FinAI/Previa/node_modules/@vitest/runner/dist/chunk-hooks.js:1863:10)\n    at runTest (file:///D:/ailocal/FinAI/Previa/node_modules/@vitest/runner/dist/chunk-hooks.js:1574:12)"],"meta":{}},{"ancestorTitles":["RecentTransactionsList","Notebook Design System"],"fullName":"RecentTransactionsList Notebook Design System uses JetBrains Mono font for amounts","status":"failed","title":"uses JetBrains Mono font for amounts","duration":15.502300000000105,"failureMessages":["AssertionError: expected +0 to be 3 // Object.is equality\n    at D:\\ailocal\\FinAI\\Previa\\src\\components\\dashboard\\RecentTransactionsList.test.tsx:210:34\n    at file:///D:/ailocal/FinAI/Previa/node_modules/@vitest/runner/dist/chunk-hooks.js:155:11\n    at file:///D:/ailocal/FinAI/Previa/node_modules/@vitest/runner/dist/chunk-hooks.js:752:26\n    at file:///D:/ailocal/FinAI/Previa/node_modules/@vitest/runner/dist/chunk-hooks.js:1897:20\n    at new Promise (<anonymous>)\n    at runWithTimeout (file:///D:/ailocal/FinAI/Previa/node_modules/@vitest/runner/dist/chunk-hooks.js:1863:10)\n    at runTest (file:///D:/ailocal/FinAI/Previa/node_modules/@vitest/runner/dist/chunk-hooks.js:1574:12)\n    at processTicksAndRejections (node:internal/process/task_queues:105:5)\n    at runSuite (file:///D:/ailocal/FinAI/Previa/node_modules/@vitest/runner/dist/chunk-hooks.js:1729:8)\n    at runSuite (file:///D:/ailocal/FinAI/Previa/node_modules/@vitest/runner/dist/chunk-hooks.js:1729:8)"],"meta":{}},{"ancestorTitles":["RecentTransactionsList","Notebook Design System"],"fullName":"RecentTransactionsList Notebook Design System applies hover effects with sand color","status":"failed","title":"applies hover effects with sand color","duration":11.357600000000275,"failureMessages":["Error: \u001b[2mexpect(\u001b[22m\u001b[31mreceived\u001b[39m\u001b[2m).toBeInTheDocument()\u001b[22m\n\n\u001b[31mreceived\u001b[39m value must be an HTMLElement or an SVGElement.\nReceived has type:  Null\nReceived has value: \u001b[31mnull\u001b[39m\n    at Proxy.expectWrapper (file:///D:/ailocal/FinAI/Previa/node_modules/@vitest/expect/dist/index.js:1734:36)\n    at Proxy.<anonymous> (file:///D:/ailocal/FinAI/Previa/node_modules/@vitest/expect/dist/index.js:1029:14)\n    at Proxy.toBeInTheDocument (file:///D:/ailocal/FinAI/Previa/node_modules/chai/index.js:1686:25)\n    at D:\\ailocal\\FinAI\\Previa\\src\\components\\dashboard\\RecentTransactionsList.test.tsx:220:28\n    at file:///D:/ailocal/FinAI/Previa/node_modules/@vitest/runner/dist/chunk-hooks.js:155:11\n    at file:///D:/ailocal/FinAI/Previa/node_modules/@vitest/runner/dist/chunk-hooks.js:752:26\n    at file:///D:/ailocal/FinAI/Previa/node_modules/@vitest/runner/dist/chunk-hooks.js:1897:20\n    at new Promise (<anonymous>)\n    at runWithTimeout (file:///D:/ailocal/FinAI/Previa/node_modules/@vitest/runner/dist/chunk-hooks.js:1863:10)\n    at runTest (file:///D:/ailocal/FinAI/Previa/node_modules/@vitest/runner/dist/chunk-hooks.js:1574:12)"],"meta":{}},{"ancestorTitles":["RecentTransactionsList","Notebook Design System"],"fullName":"RecentTransactionsList Notebook Design System meets minimum touch target height (64px)","status":"failed","title":"meets minimum touch target height (64px)","duration":14.956199999999626,"failureMessages":["AssertionError: expected +0 to be 3 // Object.is equality\n    at D:\\ailocal\\FinAI\\Previa\\src\\components\\dashboard\\RecentTransactionsList.test.tsx:230:35\n    at file:///D:/ailocal/FinAI/Previa/node_modules/@vitest/runner/dist/chunk-hooks.js:155:11\n    at file:///D:/ailocal/FinAI/Previa/node_modules/@vitest/runner/dist/chunk-hooks.js:752:26\n    at file:///D:/ailocal/FinAI/Previa/node_modules/@vitest/runner/dist/chunk-hooks.js:1897:20\n    at new Promise (<anonymous>)\n    at runWithTimeout (file:///D:/ailocal/FinAI/Previa/node_modules/@vitest/runner/dist/chunk-hooks.js:1863:10)\n    at runTest (file:///D:/ailocal/FinAI/Previa/node_modules/@vitest/runner/dist/chunk-hooks.js:1574:12)\n    at processTicksAndRejections (node:internal/process/task_queues:105:5)\n    at runSuite (file:///D:/ailocal/FinAI/Previa/node_modules/@vitest/runner/dist/chunk-hooks.js:1729:8)\n    at runSuite (file:///D:/ailocal/FinAI/Previa/node_modules/@vitest/runner/dist/chunk-hooks.js:1729:8)"],"meta":{}},{"ancestorTitles":["RecentTransactionsList","Loading State"],"fullName":"RecentTransactionsList Loading State displays skeleton loaders when loading","status":"failed","title":"displays skeleton loaders when loading","duration":8.506400000000212,"failureMessages":["AssertionError: expected  to have a length of 3 but got +0\n    at Proxy.<anonymous> (file:///D:/ailocal/FinAI/Previa/node_modules/@vitest/expect/dist/index.js:1257:20)\n    at Proxy.<anonymous> (file:///D:/ailocal/FinAI/Previa/node_modules/@vitest/expect/dist/index.js:1029:14)\n    at Proxy.toHaveLength (file:///D:/ailocal/FinAI/Previa/node_modules/chai/index.js:1686:25)\n    at D:\\ailocal\\FinAI\\Previa\\src\\components\\dashboard\\RecentTransactionsList.test.tsx:242:25\n    at file:///D:/ailocal/FinAI/Previa/node_modules/@vitest/runner/dist/chunk-hooks.js:155:11\n    at file:///D:/ailocal/FinAI/Previa/node_modules/@vitest/runner/dist/chunk-hooks.js:752:26\n    at file:///D:/ailocal/FinAI/Previa/node_modules/@vitest/runner/dist/chunk-hooks.js:1897:20\n    at new Promise (<anonymous>)\n    at runWithTimeout (file:///D:/ailocal/FinAI/Previa/node_modules/@vitest/runner/dist/chunk-hooks.js:1863:10)\n    at runTest (file:///D:/ailocal/FinAI/Previa/node_modules/@vitest/runner/dist/chunk-hooks.js:1574:12)"],"meta":{}},{"ancestorTitles":["RecentTransactionsList","Loading State"],"fullName":"RecentTransactionsList Loading State uses Previa sand color for skeleton background","status":"failed","title":"uses Previa sand color for skeleton background","duration":4.107500000000073,"failureMessages":["Error: \u001b[2mexpect(\u001b[22m\u001b[31mreceived\u001b[39m\u001b[2m).toBeInTheDocument()\u001b[22m\n\n\u001b[31mreceived\u001b[39m value must be an HTMLElement or an SVGElement.\nReceived has type:  Null\nReceived has value: \u001b[31mnull\u001b[39m\n    at Proxy.expectWrapper (file:///D:/ailocal/FinAI/Previa/node_modules/@vitest/expect/dist/index.js:1734:36)\n    at Proxy.<anonymous> (file:///D:/ailocal/FinAI/Previa/node_modules/@vitest/expect/dist/index.js:1029:14)\n    at Proxy.toBeInTheDocument (file:///D:/ailocal/FinAI/Previa/node_modules/chai/index.js:1686:25)\n    at D:\\ailocal\\FinAI\\Previa\\src\\components\\dashboard\\RecentTransactionsList.test.tsx:251:24\n    at file:///D:/ailocal/FinAI/Previa/node_modules/@vitest/runner/dist/chunk-hooks.js:155:11\n    at file:///D:/ailocal/FinAI/Previa/node_modules/@vitest/runner/dist/chunk-hooks.js:752:26\n    at file:///D:/ailocal/FinAI/Previa/node_modules/@vitest/runner/dist/chunk-hooks.js:1897:20\n    at new Promise (<anonymous>)\n    at runWithTimeout (file:///D:/ailocal/FinAI/Previa/node_modules/@vitest/runner/dist/chunk-hooks.js:1863:10)\n    at runTest (file:///D:/ailocal/FinAI/Previa/node_modules/@vitest/runner/dist/chunk-hooks.js:1574:12)"],"meta":{}},{"ancestorTitles":["RecentTransactionsList","Loading State"],"fullName":"RecentTransactionsList Loading State does not display transactions when loading","status":"passed","title":"does not display transactions when loading","duration":7.097600000000057,"failureMessages":[],"meta":{}},{"ancestorTitles":["RecentTransactionsList","Empty State"],"fullName":"RecentTransactionsList Empty State displays empty state message with emoji when no transactions","status":"passed","title":"displays empty state message with emoji when no transactions","duration":4.110000000000582,"failureMessages":[],"meta":{}},{"ancestorTitles":["RecentTransactionsList","Empty State"],"fullName":"RecentTransactionsList Empty State applies paper white background to empty state","status":"failed","title":"applies paper white background to empty state","duration":5.756000000000313,"failureMessages":["AssertionError: expected 'css-2ybctp' to contain 'bg-white'\n    at D:\\ailocal\\FinAI\\Previa\\src\\components\\dashboard\\RecentTransactionsList.test.tsx:276:37\n    at file:///D:/ailocal/FinAI/Previa/node_modules/@vitest/runner/dist/chunk-hooks.js:155:11\n    at file:///D:/ailocal/FinAI/Previa/node_modules/@vitest/runner/dist/chunk-hooks.js:752:26\n    at file:///D:/ailocal/FinAI/Previa/node_modules/@vitest/runner/dist/chunk-hooks.js:1897:20\n    at new Promise (<anonymous>)\n    at runWithTimeout (file:///D:/ailocal/FinAI/Previa/node_modules/@vitest/runner/dist/chunk-hooks.js:1863:10)\n    at runTest (file:///D:/ailocal/FinAI/Previa/node_modules/@vitest/runner/dist/chunk-hooks.js:1574:12)\n    at processTicksAndRejections (node:internal/process/task_queues:105:5)\n    at runSuite (file:///D:/ailocal/FinAI/Previa/node_modules/@vitest/runner/dist/chunk-hooks.js:1729:8)\n    at runSuite (file:///D:/ailocal/FinAI/Previa/node_modules/@vitest/runner/dist/chunk-hooks.js:1729:8)"],"meta":{}},{"ancestorTitles":["RecentTransactionsList","Empty State"],"fullName":"RecentTransactionsList Empty State does not display \"View All\" navigation when empty","status":"passed","title":"does not display \"View All\" navigation when empty","duration":76.1802000000007,"failureMessages":[],"meta":{}},{"ancestorTitles":["RecentTransactionsList","Navigation"],"fullName":"RecentTransactionsList Navigation navigates to transactions page when transaction is clicked","status":"passed","title":"navigates to transactions page when transaction is clicked","duration":12.229799999999159,"failureMessages":[],"meta":{}},{"ancestorTitles":["RecentTransactionsList","Navigation"],"fullName":"RecentTransactionsList Navigation navigates to transactions page when \"View All\" is clicked","status":"passed","title":"navigates to transactions page when \"View All\" is clicked","duration":65.3777,"failureMessages":[],"meta":{}},{"ancestorTitles":["RecentTransactionsList","Accessibility"],"fullName":"RecentTransactionsList Accessibility has proper button role for \"View All\"","status":"passed","title":"has proper button role for \"View All\"","duration":53.84889999999996,"failureMessages":[],"meta":{}},{"ancestorTitles":["RecentTransactionsList","Accessibility"],"fullName":"RecentTransactionsList Accessibility meets WCAG minimum touch target for \"View All\" button","status":"failed","title":"meets WCAG minimum touch target for \"View All\" button","duration":32.86279999999988,"failureMessages":["AssertionError: expected 'chakra-button css-1k8f0kp' to contain 'min-h-[44px]'\n    at D:\\ailocal\\FinAI\\Previa\\src\\components\\dashboard\\RecentTransactionsList.test.tsx:323:39\n    at file:///D:/ailocal/FinAI/Previa/node_modules/@vitest/runner/dist/chunk-hooks.js:155:11\n    at file:///D:/ailocal/FinAI/Previa/node_modules/@vitest/runner/dist/chunk-hooks.js:752:26\n    at file:///D:/ailocal/FinAI/Previa/node_modules/@vitest/runner/dist/chunk-hooks.js:1897:20\n    at new Promise (<anonymous>)\n    at runWithTimeout (file:///D:/ailocal/FinAI/Previa/node_modules/@vitest/runner/dist/chunk-hooks.js:1863:10)\n    at runTest (file:///D:/ailocal/FinAI/Previa/node_modules/@vitest/runner/dist/chunk-hooks.js:1574:12)\n    at processTicksAndRejections (node:internal/process/task_queues:105:5)\n    at runSuite (file:///D:/ailocal/FinAI/Previa/node_modules/@vitest/runner/dist/chunk-hooks.js:1729:8)\n    at runSuite (file:///D:/ailocal/FinAI/Previa/node_modules/@vitest/runner/dist/chunk-hooks.js:1729:8)"],"meta":{}},{"ancestorTitles":["RecentTransactionsList","Accessibility"],"fullName":"RecentTransactionsList Accessibility has cursor-pointer class on transaction rows","status":"failed","title":"has cursor-pointer class on transaction rows","duration":7.164999999999964,"failureMessages":["AssertionError: expected +0 to be 3 // Object.is equality\n    at D:\\ailocal\\FinAI\\Previa\\src\\components\\dashboard\\RecentTransactionsList.test.tsx:333:36\n    at file:///D:/ailocal/FinAI/Previa/node_modules/@vitest/runner/dist/chunk-hooks.js:155:11\n    at file:///D:/ailocal/FinAI/Previa/node_modules/@vitest/runner/dist/chunk-hooks.js:752:26\n    at file:///D:/ailocal/FinAI/Previa/node_modules/@vitest/runner/dist/chunk-hooks.js:1897:20\n    at new Promise (<anonymous>)\n    at runWithTimeout (file:///D:/ailocal/FinAI/Previa/node_modules/@vitest/runner/dist/chunk-hooks.js:1863:10)\n    at runTest (file:///D:/ailocal/FinAI/Previa/node_modules/@vitest/runner/dist/chunk-hooks.js:1574:12)\n    at processTicksAndRejections (node:internal/process/task_queues:105:5)\n    at runSuite (file:///D:/ailocal/FinAI/Previa/node_modules/@vitest/runner/dist/chunk-hooks.js:1729:8)\n    at runSuite (file:///D:/ailocal/FinAI/Previa/node_modules/@vitest/runner/dist/chunk-hooks.js:1729:8)"],"meta":{}},{"ancestorTitles":["RecentTransactionsList","Edge Cases"],"fullName":"RecentTransactionsList Edge Cases handles transaction with missing description","status":"passed","title":"handles transaction with missing description","duration":9.28439999999955,"failureMessages":[],"meta":{}},{"ancestorTitles":["RecentTransactionsList","Edge Cases"],"fullName":"RecentTransactionsList Edge Cases handles transaction without category","status":"passed","title":"handles transaction without category","duration":6.518699999999626,"failureMessages":[],"meta":{}},{"ancestorTitles":["RecentTransactionsList","Edge Cases"],"fullName":"RecentTransactionsList Edge Cases handles zero amount transaction","status":"passed","title":"handles zero amount transaction","duration":4.052100000000792,"failureMessages":[],"meta":{}}],"startTime":1761534048726,"endTime":1761534049566.052,"status":"failed","message":"","name":"D:/ailocal/FinAI/Previa/src/components/dashboard/RecentTransactionsList.test.tsx"},{"assertionResults":[{"ancestorTitles":["ErrorBoundary","Normal Rendering"],"fullName":"ErrorBoundary Normal Rendering renders children when there is no error","status":"passed","title":"renders children when there is no error","duration":22.5942,"failureMessages":[],"meta":{}},{"ancestorTitles":["ErrorBoundary","Normal Rendering"],"fullName":"ErrorBoundary Normal Rendering does not render error UI when children render successfully","status":"passed","title":"does not render error UI when children render successfully","duration":4.5925000000002,"failureMessages":[],"meta":{}},{"ancestorTitles":["ErrorBoundary","Error Catching"],"fullName":"ErrorBoundary Error Catching catches errors from child components","status":"passed","title":"catches errors from child components","duration":100.96299999999974,"failureMessages":[],"meta":{}},{"ancestorTitles":["ErrorBoundary","Error Catching"],"fullName":"ErrorBoundary Error Catching displays default error UI with emoji and message","status":"passed","title":"displays default error UI with emoji and message","duration":17.170100000000275,"failureMessages":[],"meta":{}},{"ancestorTitles":["ErrorBoundary","Error Catching"],"fullName":"ErrorBoundary Error Catching renders action buttons with emojis","status":"passed","title":"renders action buttons with emojis","duration":264.5753999999997,"failureMessages":[],"meta":{}},{"ancestorTitles":["ErrorBoundary","Custom Fallback"],"fullName":"ErrorBoundary Custom Fallback renders custom fallback when provided","status":"passed","title":"renders custom fallback when provided","duration":3.9228000000002794,"failureMessages":[],"meta":{}},{"ancestorTitles":["ErrorBoundary","Reset Functionality"],"fullName":"ErrorBoundary Reset Functionality calls onReset callback when Try Again button is clicked","status":"passed","title":"calls onReset callback when Try Again button is clicked","duration":94.09230000000025,"failureMessages":[],"meta":{}},{"ancestorTitles":["ErrorBoundary","Reset Functionality"],"fullName":"ErrorBoundary Reset Functionality clears error state internally when Try Again button is clicked","status":"passed","title":"clears error state internally when Try Again button is clicked","duration":91.37039999999979,"failureMessages":[],"meta":{}},{"ancestorTitles":["ErrorBoundary","Go Home Functionality"],"fullName":"ErrorBoundary Go Home Functionality redirects to home when Go Home button is clicked","status":"passed","title":"redirects to home when Go Home button is clicked","duration":66.61489999999958,"failureMessages":[],"meta":{}},{"ancestorTitles":["ErrorBoundary","Development Mode Error Details"],"fullName":"ErrorBoundary Development Mode Error Details displays error details in development mode","status":"passed","title":"displays error details in development mode","duration":18.66569999999956,"failureMessages":[],"meta":{}},{"ancestorTitles":["ErrorBoundary","Development Mode Error Details"],"fullName":"ErrorBoundary Development Mode Error Details displays stack trace in development mode","status":"passed","title":"displays stack trace in development mode","duration":10.108900000000176,"failureMessages":[],"meta":{}},{"ancestorTitles":["ErrorBoundary","Production Mode Error Display"],"fullName":"ErrorBoundary Production Mode Error Display hides error details in production mode","status":"passed","title":"hides error details in production mode","duration":12.388400000000729,"failureMessages":[],"meta":{}},{"ancestorTitles":["ErrorBoundary","Previa Design System"],"fullName":"ErrorBoundary Previa Design System applies notebook design aesthetics with paper white card","status":"passed","title":"applies notebook design aesthetics with paper white card","duration":11.470299999999952,"failureMessages":[],"meta":{}},{"ancestorTitles":["ErrorBoundary","Previa Design System"],"fullName":"ErrorBoundary Previa Design System uses Previa color scheme for buttons","status":"passed","title":"uses Previa color scheme for buttons","duration":77.93379999999979,"failureMessages":[],"meta":{}},{"ancestorTitles":["ErrorBoundary","Console Logging"],"fullName":"ErrorBoundary Console Logging logs error to console when caught","status":"passed","title":"logs error to console when caught","duration":10.938400000000001,"failureMessages":[],"meta":{}}],"startTime":1761534048765,"endTime":1761534049573.9385,"status":"passed","message":"","name":"D:/ailocal/FinAI/Previa/src/components/error/ErrorBoundary.test.tsx"},{"assertionResults":[{"ancestorTitles":["MobileTransactionCard","Notebook Design System"],"fullName":"MobileTransactionCard Notebook Design System applies paper white background","status":"passed","title":"applies paper white background","duration":138.44909999999982,"failureMessages":[],"meta":{}},{"ancestorTitles":["MobileTransactionCard","Notebook Design System"],"fullName":"MobileTransactionCard Notebook Design System applies ruled line border (border-charcoal/10)","status":"passed","title":"applies ruled line border (border-charcoal/10)","duration":17.172099999999773,"failureMessages":[],"meta":{}},{"ancestorTitles":["MobileTransactionCard","Notebook Design System"],"fullName":"MobileTransactionCard Notebook Design System meets minimum touch target height (64px)","status":"passed","title":"meets minimum touch target height (64px)","duration":15.349699999999757,"failureMessages":[],"meta":{}},{"ancestorTitles":["MobileTransactionCard","Notebook Design System"],"fullName":"MobileTransactionCard Notebook Design System uses JetBrains Mono font for amount","status":"passed","title":"uses JetBrains Mono font for amount","duration":14.644600000000082,"failureMessages":[],"meta":{}},{"ancestorTitles":["MobileTransactionCard","Notebook Design System"],"fullName":"MobileTransactionCard Notebook Design System has hover state with sand border","status":"passed","title":"has hover state with sand border","duration":34.056600000000344,"failureMessages":[],"meta":{}},{"ancestorTitles":["MobileTransactionCard","Status Emojis"],"fullName":"MobileTransactionCard Status Emojis displays 📝 emoji for unreconciled status","status":"passed","title":"displays 📝 emoji for unreconciled status","duration":16.88640000000032,"failureMessages":[],"meta":{}},{"ancestorTitles":["MobileTransactionCard","Status Emojis"],"fullName":"MobileTransactionCard Status Emojis displays ⚠️ emoji for matched status","status":"passed","title":"displays ⚠️ emoji for matched status","duration":25.572900000000118,"failureMessages":[],"meta":{}},{"ancestorTitles":["MobileTransactionCard","Status Emojis"],"fullName":"MobileTransactionCard Status Emojis displays ✅ emoji for approved status","status":"passed","title":"displays ✅ emoji for approved status","duration":28.484800000000178,"failureMessages":[],"meta":{}},{"ancestorTitles":["MobileTransactionCard","Status Emojis"],"fullName":"MobileTransactionCard Status Emojis displays ❌ emoji for rejected status","status":"passed","title":"displays ❌ emoji for rejected status","duration":18.538700000000063,"failureMessages":[],"meta":{}},{"ancestorTitles":["MobileTransactionCard","Transaction Display"],"fullName":"MobileTransactionCard Transaction Display displays transaction description","status":"passed","title":"displays transaction description","duration":24.403700000000754,"failureMessages":[],"meta":{}},{"ancestorTitles":["MobileTransactionCard","Transaction Display"],"fullName":"MobileTransactionCard Transaction Display displays formatted date","status":"passed","title":"displays formatted date","duration":18.046299999999974,"failureMessages":[],"meta":{}},{"ancestorTitles":["MobileTransactionCard","Transaction Display"],"fullName":"MobileTransactionCard Transaction Display displays category badge when present","status":"passed","title":"displays category badge when present","duration":22.15310000000045,"failureMessages":[],"meta":{}},{"ancestorTitles":["MobileTransactionCard","Transaction Display"],"fullName":"MobileTransactionCard Transaction Display displays amount with AUD currency","status":"passed","title":"displays amount with AUD currency","duration":12.723899999999958,"failureMessages":[],"meta":{}},{"ancestorTitles":["MobileTransactionCard","Transaction Display"],"fullName":"MobileTransactionCard Transaction Display applies red color for negative amounts","status":"passed","title":"applies red color for negative amounts","duration":12.254100000000108,"failureMessages":[],"meta":{}},{"ancestorTitles":["MobileTransactionCard","Transaction Display"],"fullName":"MobileTransactionCard Transaction Display applies green color for positive amounts","status":"passed","title":"applies green color for positive amounts","duration":12.205399999999827,"failureMessages":[],"meta":{}},{"ancestorTitles":["MobileTransactionCard","Transaction Display"],"fullName":"MobileTransactionCard Transaction Display displays + prefix for positive amounts","status":"passed","title":"displays + prefix for positive amounts","duration":30.784899999999652,"failureMessages":[],"meta":{}},{"ancestorTitles":["MobileTransactionCard","Action Menu Emojis"],"fullName":"MobileTransactionCard Action Menu Emojis displays action menu trigger button","status":"failed","title":"displays action menu trigger button","duration":210.50690000000031,"failureMessages":["TestingLibraryElementError: Found multiple elements with the role \"button\" and name `/Open menu/i`\n\nHere are the matching elements:\n\nIgnored nodes: comments, script, style\n\u001b[36m<button\u001b[39m\n  \u001b[33maria-controls\u001b[39m=\u001b[32m\"menu-list-:r2h:\"\u001b[39m\n  \u001b[33maria-expanded\u001b[39m=\u001b[32m\"false\"\u001b[39m\n  \u001b[33maria-haspopup\u001b[39m=\u001b[32m\"menu\"\u001b[39m\n  \u001b[33mclass\u001b[39m=\u001b[32m\"chakra-menu__menu-button css-1eqi7qs\"\u001b[39m\n  \u001b[33mid\u001b[39m=\u001b[32m\"menu-button-:r2h:\"\u001b[39m\n\u001b[36m>\u001b[39m\n  \u001b[36m<span\u001b[39m\n    \u001b[33mclass\u001b[39m=\u001b[32m\"css-xl71ch\"\u001b[39m\n  \u001b[36m>\u001b[39m\n    \u001b[36m<button\u001b[39m\n      \u001b[33mclass\u001b[39m=\u001b[32m\"chakra-button h-8 w-8 p-0 min-h-[44px] min-w-[44px] hover:bg-sand/20 css-4xx2wk\"\u001b[39m\n      \u001b[33mtype\u001b[39m=\u001b[32m\"button\"\u001b[39m\n    \u001b[36m>\u001b[39m\n      \u001b[36m<svg\u001b[39m\n        \u001b[33mclass\u001b[39m=\u001b[32m\"lucide lucide-ellipsis-vertical h-4 w-4 text-darkStone\"\u001b[39m\n        \u001b[33mfill\u001b[39m=\u001b[32m\"none\"\u001b[39m\n        \u001b[33mheight\u001b[39m=\u001b[32m\"24\"\u001b[39m\n        \u001b[33mstroke\u001b[39m=\u001b[32m\"currentColor\"\u001b[39m\n        \u001b[33mstroke-linecap\u001b[39m=\u001b[32m\"round\"\u001b[39m\n        \u001b[33mstroke-linejoin\u001b[39m=\u001b[32m\"round\"\u001b[39m\n        \u001b[33mstroke-width\u001b[39m=\u001b[32m\"2\"\u001b[39m\n        \u001b[33mviewBox\u001b[39m=\u001b[32m\"0 0 24 24\"\u001b[39m\n        \u001b[33mwidth\u001b[39m=\u001b[32m\"24\"\u001b[39m\n        \u001b[33mxmlns\u001b[39m=\u001b[32m\"http://www.w3.org/2000/svg\"\u001b[39m\n      \u001b[36m>\u001b[39m\n        \u001b[36m<circle\u001b[39m\n          \u001b[33mcx\u001b[39m=\u001b[32m\"12\"\u001b[39m\n          \u001b[33mcy\u001b[39m=\u001b[32m\"12\"\u001b[39m\n          \u001b[33mr\u001b[39m=\u001b[32m\"1\"\u001b[39m\n        \u001b[36m/>\u001b[39m\n        \u001b[36m<circle\u001b[39m\n          \u001b[33mcx\u001b[39m=\u001b[32m\"12\"\u001b[39m\n          \u001b[33mcy\u001b[39m=\u001b[32m\"5\"\u001b[39m\n          \u001b[33mr\u001b[39m=\u001b[32m\"1\"\u001b[39m\n        \u001b[36m/>\u001b[39m\n        \u001b[36m<circle\u001b[39m\n          \u001b[33mcx\u001b[39m=\u001b[32m\"12\"\u001b[39m\n          \u001b[33mcy\u001b[39m=\u001b[32m\"19\"\u001b[39m\n          \u001b[33mr\u001b[39m=\u001b[32m\"1\"\u001b[39m\n        \u001b[36m/>\u001b[39m\n      \u001b[36m</svg>\u001b[39m\n      \u001b[36m<span\u001b[39m\n        \u001b[33mclass\u001b[39m=\u001b[32m\"sr-only\"\u001b[39m\n      \u001b[36m>\u001b[39m\n        \u001b[0mOpen menu\u001b[0m\n      \u001b[36m</span>\u001b[39m\n    \u001b[36m</button>\u001b[39m\n  \u001b[36m</span>\u001b[39m\n\u001b[36m</button>\u001b[39m\n\nIgnored nodes: comments, script, style\n\u001b[36m<button\u001b[39m\n  \u001b[33mclass\u001b[39m=\u001b[32m\"chakra-button h-8 w-8 p-0 min-h-[44px] min-w-[44px] hover:bg-sand/20 css-4xx2wk\"\u001b[39m\n  \u001b[33mtype\u001b[39m=\u001b[32m\"button\"\u001b[39m\n\u001b[36m>\u001b[39m\n  \u001b[36m<svg\u001b[39m\n    \u001b[33mclass\u001b[39m=\u001b[32m\"lucide lucide-ellipsis-vertical h-4 w-4 text-darkStone\"\u001b[39m\n    \u001b[33mfill\u001b[39m=\u001b[32m\"none\"\u001b[39m\n    \u001b[33mheight\u001b[39m=\u001b[32m\"24\"\u001b[39m\n    \u001b[33mstroke\u001b[39m=\u001b[32m\"currentColor\"\u001b[39m\n    \u001b[33mstroke-linecap\u001b[39m=\u001b[32m\"round\"\u001b[39m\n    \u001b[33mstroke-linejoin\u001b[39m=\u001b[32m\"round\"\u001b[39m\n    \u001b[33mstroke-width\u001b[39m=\u001b[32m\"2\"\u001b[39m\n    \u001b[33mviewBox\u001b[39m=\u001b[32m\"0 0 24 24\"\u001b[39m\n    \u001b[33mwidth\u001b[39m=\u001b[32m\"24\"\u001b[39m\n    \u001b[33mxmlns\u001b[39m=\u001b[32m\"http://www.w3.org/2000/svg\"\u001b[39m\n  \u001b[36m>\u001b[39m\n    \u001b[36m<circle\u001b[39m\n      \u001b[33mcx\u001b[39m=\u001b[32m\"12\"\u001b[39m\n      \u001b[33mcy\u001b[39m=\u001b[32m\"12\"\u001b[39m\n      \u001b[33mr\u001b[39m=\u001b[32m\"1\"\u001b[39m\n    \u001b[36m/>\u001b[39m\n    \u001b[36m<circle\u001b[39m\n      \u001b[33mcx\u001b[39m=\u001b[32m\"12\"\u001b[39m\n      \u001b[33mcy\u001b[39m=\u001b[32m\"5\"\u001b[39m\n      \u001b[33mr\u001
[...]
rror: Unable to find an accessible element with the role \"dialog\"\n\nHere are the accessible roles:\n\n  button:\n\n  Name \"Open Wizard\":\n  \u001b[36m<button />\u001b[39m\n\n  --------------------------------------------------\n\nIgnored nodes: comments, script, style\n\u001b[36m<body>\u001b[39m\n  \u001b[36m<div>\u001b[39m\n    \u001b[36m<div>\u001b[39m\n      \u001b[36m<button>\u001b[39m\n        \u001b[0mOpen Wizard\u001b[0m\n      \u001b[36m</button>\u001b[39m\n      \u001b[36m<div\u001b[39m\n        \u001b[33mdata-testid\u001b[39m=\u001b[32m\"wizard-open\"\u001b[39m\n      \u001b[36m>\u001b[39m\n        \u001b[0mtrue\u001b[0m\n      \u001b[36m</div>\u001b[39m\n      \u001b[36m<div\u001b[39m\n        \u001b[33mdata-testid\u001b[39m=\u001b[32m\"current-step\"\u001b[39m\n      \u001b[36m>\u001b[39m\n        \u001b[0m1\u001b[0m\n      \u001b[36m</div>\u001b[39m\n    \u001b[36m</div>\u001b[39m\n  \u001b[36m</div>\u001b[39m\n\u001b[36m</body>\u001b[39m\n    at Object.getElementError (D:\\ailocal\\FinAI\\Previa\\node_modules\\@testing-library\\dom\\dist\\config.js:37:19)\n    at D:\\ailocal\\FinAI\\Previa\\node_modules\\@testing-library\\dom\\dist\\query-helpers.js:76:38\n    at D:\\ailocal\\FinAI\\Previa\\node_modules\\@testing-library\\dom\\dist\\query-helpers.js:52:17\n    at getByRole (D:\\ailocal\\FinAI\\Previa\\node_modules\\@testing-library\\dom\\dist\\query-helpers.js:95:19)\n    at D:\\ailocal\\FinAI\\Previa\\src\\test\\wizard\\SetupWizard.test.tsx:495:29\n    at file:///D:/ailocal/FinAI/Previa/node_modules/@vitest/runner/dist/chunk-hooks.js:155:11\n    at file:///D:/ailocal/FinAI/Previa/node_modules/@vitest/runner/dist/chunk-hooks.js:752:26\n    at file:///D:/ailocal/FinAI/Previa/node_modules/@vitest/runner/dist/chunk-hooks.js:1897:20\n    at new Promise (<anonymous>)\n    at runWithTimeout (file:///D:/ailocal/FinAI/Previa/node_modules/@vitest/runner/dist/chunk-hooks.js:1863:10)"],"meta":{}},{"ancestorTitles":["Setup Wizard - Integration Tests","10.6: Previa Design System Styling"],"fullName":"Setup Wizard - Integration Tests 10.6: Previa Design System Styling should use Sand color for primary CTA buttons","status":"failed","title":"should use Sand color for primary CTA buttons","duration":3.6742000000003827,"failureMessages":["TestingLibraryElementError: Unable to find an element with the text: /get started/i. This could be because the text is broken up by multiple elements. In this case, you can provide a function for your text matcher to make your matcher more flexible.\n\nIgnored nodes: comments, script, style\n\u001b[36m<body>\u001b[39m\n  \u001b[36m<div>\u001b[39m\n    \u001b[36m<div>\u001b[39m\n      \u001b[36m<button>\u001b[39m\n        \u001b[0mOpen Wizard\u001b[0m\n      \u001b[36m</button>\u001b[39m\n      \u001b[36m<div\u001b[39m\n        \u001b[33mdata-testid\u001b[39m=\u001b[32m\"wizard-open\"\u001b[39m\n      \u001b[36m>\u001b[39m\n        \u001b[0mtrue\u001b[0m\n      \u001b[36m</div>\u001b[39m\n      \u001b[36m<div\u001b[39m\n        \u001b[33mdata-testid\u001b[39m=\u001b[32m\"current-step\"\u001b[39m\n      \u001b[36m>\u001b[39m\n        \u001b[0m1\u001b[0m\n      \u001b[36m</div>\u001b[39m\n    \u001b[36m</div>\u001b[39m\n  \u001b[36m</div>\u001b[39m\n\u001b[36m</body>\u001b[39m\n    at Object.getElementError (D:\\ailocal\\FinAI\\Previa\\node_modules\\@testing-library\\dom\\dist\\config.js:37:19)\n    at D:\\ailocal\\FinAI\\Previa\\node_modules\\@testing-library\\dom\\dist\\query-helpers.js:76:38\n    at D:\\ailocal\\FinAI\\Previa\\node_modules\\@testing-library\\dom\\dist\\query-helpers.js:52:17\n    at getByText (D:\\ailocal\\FinAI\\Previa\\node_modules\\@testing-library\\dom\\dist\\query-helpers.js:95:19)\n    at D:\\ailocal\\FinAI\\Previa\\src\\test\\wizard\\SetupWizard.test.tsx:511:33\n    at file:///D:/ailocal/FinAI/Previa/node_modules/@vitest/runner/dist/chunk-hooks.js:155:11\n    at file:///D:/ailocal/FinAI/Previa/node_modules/@vitest/runner/dist/chunk-hooks.js:752:26\n    at file:///D:/ailocal/FinAI/Previa/node_modules/@vitest/runner/dist/chunk-hooks.js:1897:20\n    at new Promise (<anonymous>)\n    at runWithTimeout (file:///D:/ailocal/FinAI/Previa/node_modules/@vitest/runner/dist/chunk-hooks.js:1863:10)"],"meta":{}},{"ancestorTitles":["Setup Wizard - Integration Tests","10.6: Previa Design System Styling"],"fullName":"Setup Wizard - Integration Tests 10.6: Previa Design System Styling should use Inter font family","status":"failed","title":"should use Inter font family","duration":33.37620000000061,"failureMessages":["TestingLibraryElementError: Unable to find an accessible element with the role \"dialog\"\n\nHere are the accessible roles:\n\n  button:\n\n  Name \"Open Wizard\":\n  \u001b[36m<button />\u001b[39m\n\n  --------------------------------------------------\n\nIgnored nodes: comments, script, style\n\u001b[36m<body>\u001b[39m\n  \u001b[36m<div>\u001b[39m\n    \u001b[36m<div>\u001b[39m\n      \u001b[36m<button>\u001b[39m\n        \u001b[0mOpen Wizard\u001b[0m\n      \u001b[36m</button>\u001b[39m\n      \u001b[36m<div\u001b[39m\n        \u001b[33mdata-testid\u001b[39m=\u001b[32m\"wizard-open\"\u001b[39m\n      \u001b[36m>\u001b[39m\n        \u001b[0mtrue\u001b[0m\n      \u001b[36m</div>\u001b[39m\n      \u001b[36m<div\u001b[39m\n        \u001b[33mdata-testid\u001b[39m=\u001b[32m\"current-step\"\u001b[39m\n      \u001b[36m>\u001b[39m\n        \u001b[0m1\u001b[0m\n      \u001b[36m</div>\u001b[39m\n    \u001b[36m</div>\u001b[39m\n  \u001b[36m</div>\u001b[39m\n\u001b[36m</body>\u001b[39m\n    at Object.getElementError (D:\\ailocal\\FinAI\\Previa\\node_modules\\@testing-library\\dom\\dist\\config.js:37:19)\n    at D:\\ailocal\\FinAI\\Previa\\node_modules\\@testing-library\\dom\\dist\\query-helpers.js:76:38\n    at D:\\ailocal\\FinAI\\Previa\\node_modules\\@testing-library\\dom\\dist\\query-helpers.js:52:17\n    at getByRole (D:\\ailocal\\FinAI\\Previa\\node_modules\\@testing-library\\dom\\dist\\query-helpers.js:95:19)\n    at D:\\ailocal\\FinAI\\Previa\\src\\test\\wizard\\SetupWizard.test.tsx:527:29\n    at file:///D:/ailocal/FinAI/Previa/node_modules/@vitest/runner/dist/chunk-hooks.js:155:11\n    at file:///D:/ailocal/FinAI/Previa/node_modules/@vitest/runner/dist/chunk-hooks.js:752:26\n    at file:///D:/ailocal/FinAI/Previa/node_modules/@vitest/runner/dist/chunk-hooks.js:1897:20\n    at new Promise (<anonymous>)\n    at runWithTimeout (file:///D:/ailocal/FinAI/Previa/node_modules/@vitest/runner/dist/chunk-hooks.js:1863:10)"],"meta":{}},{"ancestorTitles":["Setup Wizard - Integration Tests","10.6: Previa Design System Styling"],"fullName":"Setup Wizard - Integration Tests 10.6: Previa Design System Styling should display progress bar with proper styling","status":"failed","title":"should display progress bar with proper styling","duration":6.660799999999654,"failureMessages":["TestingLibraryElementError: Unable to find an element with the text: /step 1 of 5/i. This could be because the text is broken up by multiple elements. In this case, you can provide a function for your text matcher to make your matcher more flexible.\n\nIgnored nodes: comments, script, style\n\u001b[36m<body>\u001b[39m\n  \u001b[36m<div>\u001b[39m\n    \u001b[36m<div>\u001b[39m\n      \u001b[36m<button>\u001b[39m\n        \u001b[0mOpen Wizard\u001b[0m\n      \u001b[36m</button>\u001b[39m\n      \u001b[36m<div\u001b[39m\n        \u001b[33mdata-testid\u001b[39m=\u001b[32m\"wizard-open\"\u001b[39m\n      \u001b[36m>\u001b[39m\n        \u001b[0mtrue\u001b[0m\n      \u001b[36m</div>\u001b[39m\n      \u001b[36m<div\u001b[39m\n        \u001b[33mdata-testid\u001b[39m=\u001b[32m\"current-step\"\u001b[39m\n      \u001b[36m>\u001b[39m\n        \u001b[0m1\u001b[0m\n      \u001b[36m</div>\u001b[39m\n    \u001b[36m</div>\u001b[39m\n  \u001b[36m</div>\u001b[39m\n\u001b[36m</body>\u001b[39m\n    at Object.getElementError (D:\\ailocal\\FinAI\\Previa\\node_modules\\@testing-library\\dom\\dist\\config.js:37:19)\n    at D:\\ailocal\\FinAI\\Previa\\node_modules\\@testing-library\\dom\\dist\\query-helpers.js:76:38\n    at D:\\ailocal\\FinAI\\Previa\\node_modules\\@testing-library\\dom\\dist\\query-helpers.js:52:17\n    at getByText (D:\\ailocal\\FinAI\\Previa\\node_modules\\@testing-library\\dom\\dist\\query-helpers.js:95:19)\n    at D:\\ailocal\\FinAI\\Previa\\src\\test\\wizard\\SetupWizard.test.tsx:544:35\n    at file:///D:/ailocal/FinAI/Previa/node_modules/@vitest/runner/dist/chunk-hooks.js:155:11\n    at file:///D:/ailocal/FinAI/Previa/node_modules/@vitest/runner/dist/chunk-hooks.js:752:26\n    at file:///D:/ailocal/FinAI/Previa/node_modules/@vitest/runner/dist/chunk-hooks.js:1897:20\n    at new Promise (<anonymous>)\n    at runWithTimeout (file:///D:/ailocal/FinAI/Previa/node_modules/@vitest/runner/dist/chunk-hooks.js:1863:10)"],"meta":{}},{"ancestorTitles":["Setup Wizard - Integration Tests","10.6: Previa Design System Styling"],"fullName":"Setup Wizard - Integration Tests 10.6: Previa Design System Styling should show progress percentage (20% per step)","status":"failed","title":"should show progress percentage (20% per step)","duration":36.5619999999999,"failureMessages":["TestingLibraryElementError: Unable to find an accessible element with the role \"progressbar\"\n\nHere are the accessible roles:\n\n  button:\n\n  Name \"Open Wizard\":\n  \u001b[36m<button />\u001b[39m\n\n  --------------------------------------------------\n\nIgnored nodes: comments, script, style\n\u001b[36m<body>\u001b[39m\n  \u001b[36m<div>\u001b[39m\n    \u001b[36m<div>\u001b[39m\n      \u001b[36m<button>\u001b[39m\n        \u001b[0mOpen Wizard\u001b[0m\n      \u001b[36m</button>\u001b[39m\n      \u001b[36m<div\u001b[39m\n        \u001b[33mdata-testid\u001b[39m=\u001b[32m\"wizard-open\"\u001b[39m\n      \u001b[36m>\u001b[39m\n        \u001b[0mtrue\u001b[0m\n      \u001b[36m</div>\u001b[39m\n      \u001b[36m<div\u001b[39m\n        \u001b[33mdata-testid\u001b[39m=\u001b[32m\"current-step\"\u001b[39m\n      \u001b[36m>\u001b[39m\n        \u001b[0m1\u001b[0m\n      \u001b[36m</div>\u001b[39m\n    \u001b[36m</div>\u001b[39m\n  \u001b[36m</div>\u001b[39m\n\u001b[36m</body>\u001b[39m\n    at Object.getElementError (D:\\ailocal\\FinAI\\Previa\\node_modules\\@testing-library\\dom\\dist\\config.js:37:19)\n    at D:\\ailocal\\FinAI\\Previa\\node_modules\\@testing-library\\dom\\dist\\query-helpers.js:76:38\n    at D:\\ailocal\\FinAI\\Previa\\node_modules\\@testing-library\\dom\\dist\\query-helpers.js:52:17\n    at getByRole (D:\\ailocal\\FinAI\\Previa\\node_modules\\@testing-library\\dom\\dist\\query-helpers.js:95:19)\n    at D:\\ailocal\\FinAI\\Previa\\src\\test\\wizard\\SetupWizard.test.tsx:560:40\n    at file:///D:/ailocal/FinAI/Previa/node_modules/@vitest/runner/dist/chunk-hooks.js:155:11\n    at file:///D:/ailocal/FinAI/Previa/node_modules/@vitest/runner/dist/chunk-hooks.js:752:26\n    at file:///D:/ailocal/FinAI/Previa/node_modules/@vitest/runner/dist/chunk-hooks.js:1897:20\n    at new Promise (<anonymous>)\n    at runWithTimeout (file:///D:/ailocal/FinAI/Previa/node_modules/@vitest/runner/dist/chunk-hooks.js:1863:10)"],"meta":{}},{"ancestorTitles":["Setup Wizard - Integration Tests","10.7: Wizard Functionality"],"fullName":"Setup Wizard - Integration Tests 10.7: Wizard Functionality should support keyboard navigation (Tab, Enter, Escape)","status":"failed","title":"should support keyboard navigation (Tab, Enter, Escape)","duration":1012.6739000000007,"failureMessages":["AssertionError: expected 'true' to be 'false' // Object.is equality\n\nIgnored nodes: comments, script, style\n\u001b[36m<html>\u001b[39m\n  \u001b[36m<head />\u001b[39m\n  \u001b[36m<body>\u001b[39m\n    \u001b[36m<div>\u001b[39m\n      \u001b[36m<div>\u001b[39m\n        \u001b[36m<button>\u001b[39m\n          \u001b[0mOpen Wizard\u001b[0m\n        \u001b[36m</button>\u001b[39m\n        \u001b[36m<div\u001b[39m\n          \u001b[33mdata-testid\u001b[39m=\u001b[32m\"wizard-open\"\u001b[39m\n        \u001b[36m>\u001b[39m\n          \u001b[0mtrue\u001b[0m\n        \u001b[36m</div>\u001b[39m\n        \u001b[36m<div\u001b[39m\n          \u001b[33mdata-testid\u001b[39m=\u001b[32m\"current-step\"\u001b[39m\n        \u001b[36m>\u001b[39m\n          \u001b[0m1\u001b[0m\n        \u001b[36m</div>\u001b[39m\n      \u001b[36m</div>\u001b[39m\n    \u001b[36m</div>\u001b[39m\n  \u001b[36m</body>\u001b[39m\n\u001b[36m</html>\u001b[39m\n    at D:\\ailocal\\FinAI\\Previa\\src\\test\\wizard\\SetupWizard.test.tsx:594:46\n    at runWithExpensiveErrorDiagnosticsDisabled (D:\\ailocal\\FinAI\\Previa\\node_modules\\@testing-library\\dom\\dist\\config.js:47:12)\n    at checkCallback (D:\\ailocal\\FinAI\\Previa\\node_modules\\@testing-library\\dom\\dist\\wait-for.js:124:77)\n    at Timeout.checkRealTimersCallback (D:\\ailocal\\FinAI\\Previa\\node_modules\\@testing-library\\dom\\dist\\wait-for.js:118:16)\n    at listOnTimeout (node:internal/timers:588:17)\n    at processTimers (node:internal/timers:523:7)"],"meta":{}},{"ancestorTitles":["Setup Wizard - Integration Tests","10.7: Wizard Functionality"],"fullName":"Setup Wizard - Integration Tests 10.7: Wizard Functionality should have proper ARIA labels for accessibility","status":"failed","title":"should have proper ARIA labels for accessibility","duration":16.329099999999926,"failureMessages":["TestingLibraryElementError: Unable to find an accessible element with the role \"dialog\"\n\nHere are the accessible roles:\n\n  button:\n\n  Name \"Open Wizard\":\n  \u001b[36m<button />\u001b[39m\n\n  --------------------------------------------------\n\nIgnored nodes: comments, script, style\n\u001b[36m<body>\u001b[39m\n  \u001b[36m<div>\u001b[39m\n    \u001b[36m<div>\u001b[39m\n      \u001b[36m<button>\u001b[39m\n        \u001b[0mOpen Wizard\u001b[0m\n      \u001b[36m</button>\u001b[39m\n      \u001b[36m<div\u001b[39m\n        \u001b[33mdata-testid\u001b[39m=\u001b[32m\"wizard-open\"\u001b[39m\n      \u001b[36m>\u001b[39m\n        \u001b[0mtrue\u001b[0m\n      \u001b[36m</div>\u001b[39m\n      \u001b[36m<div\u001b[39m\n        \u001b[33mdata-testid\u001b[39m=\u001b[32m\"current-step\"\u001b[39m\n      \u001b[36m>\u001b[39m\n        \u001b[0m1\u001b[0m\n      \u001b[36m</div>\u001b[39m\n    \u001b[36m</div>\u001b[39m\n  \u001b[36m</div>\u001b[39m\n\u001b[36m</body>\u001b[39m\n    at Object.getElementError (D:\\ailocal\\FinAI\\Previa\\node_modules\\@testing-library\\dom\\dist\\config.js:37:19)\n    at D:\\ailocal\\FinAI\\Previa\\node_modules\\@testing-library\\dom\\dist\\query-helpers.js:76:38\n    at D:\\ailocal\\FinAI\\Previa\\node_modules\\@testing-library\\dom\\dist\\query-helpers.js:52:17\n    at getByRole (D:\\ailocal\\FinAI\\Previa\\node_modules\\@testing-library\\dom\\dist\\query-helpers.js:95:19)\n    at D:\\ailocal\\FinAI\\Previa\\src\\test\\wizard\\SetupWizard.test.tsx:610:29\n    at file:///D:/ailocal/FinAI/Previa/node_modules/@vitest/runner/dist/chunk-hooks.js:155:11\n    at file:///D:/ailocal/FinAI/Previa/node_modules/@vitest/runner/dist/chunk-hooks.js:752:26\n    at file:///D:/ailocal/FinAI/Previa/node_modules/@vitest/runner/dist/chunk-hooks.js:1897:20\n    at new Promise (<anonymous>)\n    at runWithTimeout (file:///D:/ailocal/FinAI/Previa/node_modules/@vitest/runner/dist/chunk-hooks.js:1863:10)"],"meta":{}},{"ancestorTitles":["Setup Wizard - Integration Tests","10.7: Wizard Functionality"],"fullName":"Setup Wizard - Integration Tests 10.7: Wizard Functionality should announce step changes to screen readers","status":"failed","title":"should announce step changes to screen readers","duration":1.6871000000001004,"failureMessages":["TestingLibraryElementError: Unable to find an element with the text: /step 1 of 5/i. This could be because the text is broken up by multiple elements. In this case, you can provide a function for your text matcher to make your matcher more flexible.\n\nIgnored nodes: comments, script, style\n\u001b[36m<body>\u001b[39m\n  \u001b[36m<div>\u001b[39m\n    \u001b[36m<div>\u001b[39m\n      \u001b[36m<button>\u001b[39m\n        \u001b[0mOpen Wizard\u001b[0m\n      \u001b[36m</button>\u001b[39m\n      \u001b[36m<div\u001b[39m\n        \u001b[33mdata-testid\u001b[39m=\u001b[32m\"wizard-open\"\u001b[39m\n      \u001b[36m>\u001b[39m\n        \u001b[0mtrue\u001b[0m\n      \u001b[36m</div>\u001b[39m\n      \u001b[36m<div\u001b[39m\n        \u001b[33mdata-testid\u001b[39m=\u001b[32m\"current-step\"\u001b[39m\n      \u001b[36m>\u001b[39m\n        \u001b[0m1\u001b[0m\n      \u001b[36m</div>\u001b[39m\n    \u001b[36m</div>\u001b[39m\n  \u001b[36m</div>\u001b[39m\n\u001b[36m</body>\u001b[39m\n    at Object.getElementError (D:\\ailocal\\FinAI\\Previa\\node_modules\\@testing-library\\dom\\dist\\config.js:37:19)\n    at D:\\ailocal\\FinAI\\Previa\\node_modules\\@testing-library\\dom\\dist\\query-helpers.js:76:38\n    at D:\\ailocal\\FinAI\\Previa\\node_modules\\@testing-library\\dom\\dist\\query-helpers.js:52:17\n    at getByText (D:\\ailocal\\FinAI\\Previa\\node_modules\\@testing-library\\dom\\dist\\query-helpers.js:95:19)\n    at D:\\ailocal\\FinAI\\Previa\\src\\test\\wizard\\SetupWizard.test.tsx:634:36\n    at file:///D:/ailocal/FinAI/Previa/node_modules/@vitest/runner/dist/chunk-hooks.js:155:11\n    at file:///D:/ailocal/FinAI/Previa/node_modules/@vitest/runner/dist/chunk-hooks.js:752:26\n    at file:///D:/ailocal/FinAI/Previa/node_modules/@vitest/runner/dist/chunk-hooks.js:1897:20\n    at new Promise (<anonymous>)\n    at runWithTimeout (file:///D:/ailocal/FinAI/Previa/node_modules/@vitest/runner/dist/chunk-hooks.js:1863:10)"],"meta":{}},{"ancestorTitles":["Setup Wizard - Integration Tests","10.7: Wizard Functionality"],"fullName":"Setup Wizard - Integration Tests 10.7: Wizard Functionality should redirect to dashboard on finish","status":"failed","title":"should redirect to dashboard on finish","duration":1.431100000000697,"failureMessages":["TestingLibraryElementError: Unable to find an element with the text: /next|get started|try it now/i. This could be because the text is broken up by multiple elements. In this case, you can provide a function for your text matcher to make your matcher more flexible.\n\nIgnored nodes: comments, script, style\n\u001b[36m<body>\u001b[39m\n  \u001b[36m<div>\u001b[39m\n    \u001b[36m<div>\u001b[39m\n      \u001b[36m<button>\u001b[39m\n        \u001b[0mOpen Wizard\u001b[0m\n      \u001b[36m</button>\u001b[39m\n      \u001b[36m<div\u001b[39m\n        \u001b[33mdata-testid\u001b[39m=\u001b[32m\"wizard-open\"\u001b[39m\n      \u001b[36m>\u001b[39m\n        \u001b[0mtrue\u001b[0m\n      \u001b[36m</div>\u001b[39m\n      \u001b[36m<div\u001b[39m\n        \u001b[33mdata-testid\u001b[39m=\u001b[32m\"current-step\"\u001b[39m\n      \u001b[36m>\u001b[39m\n        \u001b[0m1\u001b[0m\n      \u001b[36m</div>\u001b[39m\n    \u001b[36m</div>\u001b[39m\n  \u001b[36m</div>\u001b[39m\n\u001b[36m</body>\u001b[39m\n    at Object.getElementError (D:\\ailocal\\FinAI\\Previa\\node_modules\\@testing-library\\dom\\dist\\config.js:37:19)\n    at D:\\ailocal\\FinAI\\Previa\\node_modules\\@testing-library\\dom\\dist\\query-helpers.js:76:38\n    at D:\\ailocal\\FinAI\\Previa\\node_modules\\@testing-library\\dom\\dist\\query-helpers.js:52:17\n    at getByText (D:\\ailocal\\FinAI\\Previa\\node_modules\\@testing-library\\dom\\dist\\query-helpers.js:95:19)\n    at D:\\ailocal\\FinAI\\Previa\\src\\test\\wizard\\SetupWizard.test.tsx:653:35\n    at file:///D:/ailocal/FinAI/Previa/node_modules/@vitest/runner/dist/chunk-hooks.js:155:11\n    at file:///D:/ailocal/FinAI/Previa/node_modules/@vitest/runner/dist/chunk-hooks.js:752:26\n    at file:///D:/ailocal/FinAI/Previa/node_modules/@vitest/runner/dist/chunk-hooks.js:1897:20\n    at new Promise (<anonymous>)\n    at runWithTimeout (file:///D:/ailocal/FinAI/Previa/node_modules/@vitest/runner/dist/chunk-hooks.js:1863:10)"],"meta":{}}],"startTime":1761534049205,"endTime":1761534050686.4312,"status":"failed","message":"","name":"D:/ailocal/FinAI/Previa/src/test/wizard/SetupWizard.test.tsx"}]}